<?xml version="1.0" encoding="UTF-8"?>
<testsuite name="com.hack.TransmissionLineService.TransmissionLineServiceApplicationTests" tests="1" skipped="0" failures="0" errors="0" timestamp="2018-04-06T12:31:46" hostname="dlustanwa60859" time="0.092">
  <properties/>
  <testcase name="contextLoads" classname="com.hack.TransmissionLineService.TransmissionLineServiceApplicationTests" time="0.092"/>
  <system-out><![CDATA[18:01:39.238 [Test worker] DEBUG org.springframework.test.context.junit4.SpringJUnit4ClassRunner - SpringJUnit4ClassRunner constructor called with [class com.hack.TransmissionLineService.TransmissionLineServiceApplicationTests]
18:01:39.245 [Test worker] DEBUG org.springframework.test.context.BootstrapUtils - Instantiating CacheAwareContextLoaderDelegate from class [org.springframework.test.context.cache.DefaultCacheAwareContextLoaderDelegate]
18:01:39.252 [Test worker] DEBUG org.springframework.test.context.BootstrapUtils - Instantiating BootstrapContext using constructor [public org.springframework.test.context.support.DefaultBootstrapContext(java.lang.Class,org.springframework.test.context.CacheAwareContextLoaderDelegate)]
18:01:39.268 [Test worker] DEBUG org.springframework.test.context.BootstrapUtils - Instantiating TestContextBootstrapper for test class [com.hack.TransmissionLineService.TransmissionLineServiceApplicationTests] from class [org.springframework.boot.test.context.SpringBootTestContextBootstrapper]
18:01:39.280 [Test worker] INFO org.springframework.boot.test.context.SpringBootTestContextBootstrapper - Neither @ContextConfiguration nor @ContextHierarchy found for test class [com.hack.TransmissionLineService.TransmissionLineServiceApplicationTests], using SpringBootContextLoader
18:01:39.283 [Test worker] DEBUG org.springframework.test.context.support.AbstractContextLoader - Did not detect default resource location for test class [com.hack.TransmissionLineService.TransmissionLineServiceApplicationTests]: class path resource [com/hack/TransmissionLineService/TransmissionLineServiceApplicationTests-context.xml] does not exist
18:01:39.284 [Test worker] DEBUG org.springframework.test.context.support.AbstractContextLoader - Did not detect default resource location for test class [com.hack.TransmissionLineService.TransmissionLineServiceApplicationTests]: class path resource [com/hack/TransmissionLineService/TransmissionLineServiceApplicationTestsContext.groovy] does not exist
18:01:39.284 [Test worker] INFO org.springframework.test.context.support.AbstractContextLoader - Could not detect default resource locations for test class [com.hack.TransmissionLineService.TransmissionLineServiceApplicationTests]: no resource found for suffixes {-context.xml, Context.groovy}.
18:01:39.285 [Test worker] INFO org.springframework.test.context.support.AnnotationConfigContextLoaderUtils - Could not detect default configuration classes for test class [com.hack.TransmissionLineService.TransmissionLineServiceApplicationTests]: TransmissionLineServiceApplicationTests does not declare any static, non-private, non-final, nested classes annotated with @Configuration.
18:01:39.330 [Test worker] DEBUG org.springframework.test.context.support.ActiveProfilesUtils - Could not find an 'annotation declaring class' for annotation type [org.springframework.test.context.ActiveProfiles] and class [com.hack.TransmissionLineService.TransmissionLineServiceApplicationTests]
18:01:39.336 [Test worker] DEBUG org.springframework.core.env.StandardEnvironment - Adding PropertySource 'systemProperties' with lowest search precedence
18:01:39.337 [Test worker] DEBUG org.springframework.core.env.StandardEnvironment - Adding PropertySource 'systemEnvironment' with lowest search precedence
18:01:39.337 [Test worker] DEBUG org.springframework.core.env.StandardEnvironment - Initialized StandardEnvironment with PropertySources [MapPropertySource@198715415 {name='systemProperties', properties={java.runtime.name=Java(TM) SE Runtime Environment, sun.boot.library.path=C:\Program Files\Java\jdk1.8.0_121\jre\bin, java.vm.version=25.121-b13, java.vm.vendor=Oracle Corporation, java.vendor.url=http://java.oracle.com/, path.separator=;, java.vm.name=Java HotSpot(TM) 64-Bit Server VM, file.encoding.pkg=sun.io, user.script=, sun.java.launcher=SUN_STANDARD, user.country=US, sun.os.patch.level=Service Pack 1, java.vm.specification.name=Java Virtual Machine Specification, user.dir=D:\AESO_GIT_REPO\HackathonCode\TransmissionLineService_gitHub\transmissionlineservice, java.runtime.version=1.8.0_121-b13, java.awt.graphicsenv=sun.awt.Win32GraphicsEnvironment, java.endorsed.dirs=C:\Program Files\Java\jdk1.8.0_121\jre\lib\endorsed, os.arch=amd64, java.io.tmpdir=C:\Users\stanwa\AppData\Local\Temp\, line.separator=
, java.vm.specification.vendor=Oracle Corporation, user.variant=, os.name=Windows 7, sun.jnu.encoding=Cp1252, java.library.path=C:\Program Files\Java\jdk1.8.0_121\bin;C:\Windows\Sun\Java\bin;C:\Windows\system32;C:\Windows;d:\tibco5.11\tibrv\8.4\bin;D:\oracle\product\10.2.0\client_1\bin;C:\Windows\SYSTEM32;C:\Windows;C:\Windows\SYSTEM32\WBEM;C:\Windows\SYSTEM32\WINDOWSPOWERSHELL\V1.0\;c:\Program Files\Intel\WiFi\bin\;c:\Program Files\Common Files\Intel\WirelessCommon\;C:\Program Files (x86)\Microsoft SQL Server\110\Tools\Binn\;C:\Program Files\Microsoft SQL Server\110\Tools\Binn\;C:\Program Files\Microsoft SQL Server\110\DTS\Binn\;C:\Program Files\TortoiseSVN\bin;C:\Program Files\Git\cmd;C:\Program Files\TortoiseGit\bin;C:\Program Files\MySQL\MySQL Utilities 1.6\;C:\Program Files\Java\jdk1.8.0_121\bin;C:\Program Files\Intel\WiFi\bin\;C:\Program Files\Common Files\Intel\WirelessCommon\;C:\apache-maven-2.2.1\bin;C:\Program Files\TortoiseSVN\bin;C:\apache-ant-1.9.3\bin;D:\gradle-4.6\bin;C:\Users\stanwa\AppData\Local\Programs\Python\Python36\Scripts;C:\Users\stanwa\AppData\Local\Box\Box Edit\;., java.specification.name=Java Platform API Specification, java.class.version=52.0, org.gradle.native=false, sun.management.compiler=HotSpot 64-Bit Tiered Compilers, os.version=6.1, user.home=C:\Users\stanwa, user.timezone=Asia/Calcutta, java.awt.printerjob=sun.awt.windows.WPrinterJob, file.encoding=windows-1252, java.specification.version=1.8, java.class.path=D:\AESO_GIT_REPO\HackathonCode\TransmissionLineService_gitHub\transmissionlineservice\build\classes\java\test;D:\AESO_GIT_REPO\HackathonCode\TransmissionLineService_gitHub\transmissionlineservice\build\resources\test;D:\AESO_GIT_REPO\HackathonCode\TransmissionLineService_gitHub\transmissionlineservice\build\classes\java\main;D:\AESO_GIT_REPO\HackathonCode\TransmissionLineService_gitHub\transmissionlineservice\build\resources\main;D:\GRADLE_USER_HOME\caches\modules-2\files-2.1\org.springframework.boot\spring-boot-starter-actuator\2.0.0.RELEASE\22d7f64be5452ddad3fd0d651c818de658a18f3e\spring-boot-starter-actuator-2.0.0.RELEASE.jar;D:\GRADLE_USER_HOME\caches\modules-2\files-2.1\org.springframework.boot\spring-boot-starter-data-jpa\2.0.0.RELEASE\cc7bc2df046149870255d22367f8f7276eb82e98\spring-boot-starter-data-jpa-2.0.0.RELEASE.jar;D:\GRADLE_USER_HOME\caches\modules-2\files-2.1\org.springframework.boot\spring-boot-starter-jersey\2.0.0.RELEASE\a2a5c43014954ca5524ed1f1f68b278f6ab8a733\spring-boot-starter-jersey-2.0.0.RELEASE.jar;D:\GRADLE_USER_HOME\caches\modules-2\files-2.1\org.springframework.boot\spring-boot-starter-thymeleaf\2.0.0.RELEASE\3f77dc6b3bfa8e9cc9e0eaa9abc32c5b00b5046a\spring-boot-starter-thymeleaf-2.0.0.RELEASE.jar;D:\GRADLE_USER_HOME\caches\modules-2\files-2.1\org.springframework.boot\spring-boot-starter-web\2.0.0.RELEASE\fcb2a9e18f98382e626935841f85ed44d7153615\spring-boot-starter-web-2.0.0.RELEASE.jar;D:\GRADLE_USER_HOME\caches\modules-2\files-2.1\com.h2database\h2\1.4.196\dd0034398d593aa3588c6773faac429bbd9aea0e\h2-1.4.196.jar;D:\GRADLE_USER_HOME\caches\modules-2\files-2.1\org.springframework.boot\spring-boot-starter-test\2.0.0.RELEASE\4ff0e1d9bd315a4a5867e9c6128691cac8b37348\spring-boot-starter-test-2.0.0.RELEASE.jar;D:\GRADLE_USER_HOME\caches\modules-2\files-2.1\org.springframework.boot\spring-boot-starter-aop\2.0.0.RELEASE\9afd572ca8de272e6d919d914db5c73cd7d06ea2\spring-boot-starter-aop-2.0.0.RELEASE.jar;D:\GRADLE_USER_HOME\caches\modules-2\files-2.1\org.springframework.boot\spring-boot-starter-jdbc\2.0.0.RELEASE\bfe586f729ed86a421a79ac1b18d4e05acd25d68\spring-boot-starter-jdbc-2.0.0.RELEASE.jar;D:\GRADLE_USER_HOME\caches\modules-2\files-2.1\org.springframework.boot\spring-boot-starter-json\2.0.0.RELEASE\5a09c939d8bd60d7f163c1c0c20a3127ba9fffa\spring-boot-starter-json-2.0.0.RELEASE.jar;D:\GRADLE_USER_HOME\caches\modules-2\files-2.1\org.springframework.boot\spring-boot-starter-validation\2.0.0.RELEASE\374cd2dd14d91bb8025c4208998177ad2d733f90\spring-boot-starter-validation-2.0.0.RELEASE.jar;D:\GRADLE_USER_HOME\caches\modules-2\files-2.1\org.springframework.boot\spring-boot-starter\2.0.0.RELEASE\6d7d8e4bf053cd1833f3c7dbce676bc274f0892f\spring-boot-starter-2.0.0.RELEASE.jar;D:\GRADLE_USER_HOME\caches\modules-2\files-2.1\org.springframework.boot\spring-boot-actuator-autoconfigure\2.0.0.RELEASE\ffaa094aef881dbb30621f6f042dcfec125ffe9\spring-boot-actuator-autoconfigure-2.0.0.RELEASE.jar;D:\GRADLE_USER_HOME\caches\modules-2\files-2.1\io.micrometer\micrometer-core\1.0.1\698281b5829a16ddea19f3a5d4414d7ece1d3f11\micrometer-core-1.0.1.jar;D:\GRADLE_USER_HOME\caches\modules-2\files-2.1\org.hibernate\hibernate-core\5.2.14.Final\2132ad4a9fa5088156469ec85306afe574bb8c24\hibernate-core-5.2.14.Final.jar;D:\GRADLE_USER_HOME\caches\modules-2\files-2.1\javax.transaction\javax.transaction-api\1.2\d81aff979d603edd90dcd8db2abc1f4ce6479e3e\javax.transaction-api-1.2.jar;D:\GRADLE_USER_HOME\caches\modules-2\files-2.1\org.springframework.data\spring-data-jpa\2.0.5.RELEASE\51b2e315174e32b4c8a4841a147002555add076c\spring-data-jpa-2.0.5.RELEASE.jar;D:\GRADLE_USER_HOME\caches\modules-2\files-2.1\org.springframework\spring-aspects\5.0.4.RELEASE\454ee13fc4f439065572dd526e81c699d1d61e3e\spring-aspects-5.0.4.RELEASE.jar;D:\GRADLE_USER_HOME\caches\modules-2\files-2.1\org.springframework.boot\spring-boot-starter-tomcat\2.0.0.RELEASE\908bc9de1a7cfa857edf44182d426f6e0d8a3008\spring-boot-starter-tomcat-2.0.0.RELEASE.jar;D:\GRADLE_USER_HOME\caches\modules-2\files-2.1\org.glassfish.jersey.ext\jersey-spring4\2.26\e5f2654b343c31078d9b5c8a4f43b838b320099f\jersey-spring4-2.26.jar;D:\GRADLE_USER_HOME\caches\modules-2\files-2.1\org.springframework\spring-webmvc\5.0.4.RELEASE\addcf1caa22613c474bd6dde8c7134fef940b1f0\spring-webmvc-5.0.4.RELEASE.jar;D:\GRADLE_USER_HOME\caches\modules-2\files-2.1\org.springframework\spring-web\5.0.4.RELEASE\9565bbc67bf1a850a6505deaa5103931712a7b80\spring-web-5.0.4.RELEASE.jar;D:\GRADLE_USER_HOME\caches\modules-2\files-2.1\org.glassfish.jersey.containers\jersey-container-servlet\2.26\8723d05d1fe2fdda54d0921836ea5daa5abe5f00\jersey-container-servlet-2.26.jar;D:\GRADLE_USER_HOME\caches\modules-2\files-2.1\org.glassfish.jersey.containers\jersey-container-servlet-core\2.26\66a0d51facf1e49e2353ff0d2a2d4a9e2fa3f836\jersey-container-servlet-core-2.26.jar;D:\GRADLE_USER_HOME\caches\modules-2\files-2.1\org.glassfish.jersey.ext\jersey-bean-validation\2.26\33747b4e8a07c53550ee1cbe7fc4321600842c5a\jersey-bean-validation-2.26.jar;D:\GRADLE_USER_HOME\caches\modules-2\files-2.1\org.glassfish.jersey.core\jersey-server\2.26\aa8eff3d591641dadd7c9880bb73b59bf46d4c82\jersey-server-2.26.jar;D:\GRADLE_USER_HOME\caches\modules-2\files-2.1\org.glassfish.jersey.media\jersey-media-json-jackson\2.26\ce3109479991527107921ca5e7943a6e7e20db80\jersey-media-json-jackson-2.26.jar;D:\GRADLE_USER_HOME\caches\modules-2\files-2.1\org.thymeleaf\thymeleaf-spring5\3.0.9.RELEASE\abf84efd83808a70d982d2790f7f3a7bd3a39cf4\thymeleaf-spring5-3.0.9.RELEASE.jar;D:\GRADLE_USER_HOME\caches\modules-2\files-2.1\org.thymeleaf.extras\thymeleaf-extras-java8time\3.0.1.RELEASE\d23760d1e53cd70c489ef40dc94ee6bd2371cceb\thymeleaf-extras-java8time-3.0.1.RELEASE.jar;D:\GRADLE_USER_HOME\caches\modules-2\files-2.1\org.hibernate.validator\hibernate-validator\6.0.7.Final\8b9d9c7ec8c73963ea0fe81912fc67711a4ef76\hibernate-validator-6.0.7.Final.jar;D:\GRADLE_USER_HOME\caches\modules-2\files-2.1\org.springframework.boot\spring-boot-test-autoconfigure\2.0.0.RELEASE\db0595321e96929d9473cf061f3408972d03c6aa\spring-boot-test-autoconfigure-2.0.0.RELEASE.jar;D:\GRADLE_USER_HOME\caches\modules-2\files-2.1\org.springframework.boot\spring-boot-test\2.0.0.RELEASE\1565e78c2801bd3c7ece0a8ddc08e5ed53676878\spring-boot-test-2.0.0.RELEASE.jar;D:\GRADLE_USER_HOME\caches\modules-2\files-2.1\com.jayway.jsonpath\json-path\2.4.0\765a4401ceb2dc8d40553c2075eb80a8fa35c2ae\json-path-2.4.0.jar;D:\GRADLE_USER_HOME\caches\modules-2\files-2.1\junit\junit\4.12\2973d150c0dc1fefe998f834810d68f278ea58ec\junit-4.12.jar;D:\GRADLE_USER_HOME\caches\modules-2\files-2.1\org.assertj\assertj-core\3.9.1\c5ce126b15f28d56cd8f960c1a6a058b9c9aea87\assertj-core-3.9.1.jar;D:\GRADLE_USER_HOME\caches\modules-2\files-2.1\org.mockito\mockito-core\2.15.0\b84bfbbc29cd22c9529409627af6ea2897f4fa85\mockito-core-2.15.0.jar;D:\GRADLE_USER_HOME\caches\modules-2\files-2.1\org.hamcrest\hamcrest-library\1.3\4785a3c21320980282f9f33d0d1264a69040538f\hamcrest-library-1.3.jar;D:\GRADLE_USER_HOME\caches\modules-2\files-2.1\org.hamcrest\hamcrest-core\1.3\42a25dc3219429f0e5d060061f71acb49bf010a0\hamcrest-core-1.3.jar;D:\GRADLE_USER_HOME\caches\modules-2\files-2.1\org.skyscreamer\jsonassert\1.5.0\6c9d5fe2f59da598d9aefc1cfc6528ff3cf32df3\jsonassert-1.5.0.jar;D:\GRADLE_USER_HOME\caches\modules-2\files-2.1\org.springframework\spring-test\5.0.4.RELEASE\3fc10b6535a113593fa8780951465012a7677e21\spring-test-5.0.4.RELEASE.jar;D:\GRADLE_USER_HOME\caches\modules-2\files-2.1\org.springframework.boot\spring-boot-autoconfigure\2.0.0.RELEASE\c89896a469ecf92996ecba40755919896ace5470\spring-boot-autoconfigure-2.0.0.RELEASE.jar;D:\GRADLE_USER_HOME\caches\modules-2\files-2.1\org.springframework.boot\spring-boot-actuator\2.0.0.RELEASE\309a5d45b09e361d29c9e7d1def644d70a50173b\spring-boot-actuator-2.0.0.RELEASE.jar;D:\GRADLE_USER_HOME\caches\modules-2\files-2.1\org.springframework.boot\spring-boot\2.0.0.RELEASE\771da2071ff14a47f108642a641c204ae4ef7b15\spring-boot-2.0.0.RELEASE.jar;D:\GRADLE_USER_HOME\caches\modules-2\files-2.1\org.glassfish.hk2\spring-bridge\2.5.0-b42\7cedc63a9079e87b5a2685c054e61cfce8c44837\spring-bridge-2.5.0-b42.jar;D:\GRADLE_USER_HOME\caches\modules-2\files-2.1\org.springframework\spring-context\5.0.4.RELEASE\3e76d08c851113077642c5704f0f94d5ce58e905\spring-context-5.0.4.RELEASE.jar;D:\GRADLE_USER_HOME\caches\modules-2\files-2.1\org.springframework\spring-aop\5.0.4.RELEASE\f8e029e54c0267dadb6b9f713f3feb54ec4f3a0e\spring-aop-5.0.4.RELEASE.jar;D:\GRADLE_USER_HOME\caches\modules-2\files-2.1\org.springframework\spring-orm\5.0.4.RELEASE\dc83e08ecdb4ab28339f87358b53d75b4a8d1b9\spring-orm-5.0.4.RELEASE.jar;D:\GRADLE_USER_HOME\caches\modules-2\files-2.1\org.springframework\spring-jdbc\5.0.4.RELEASE\6b5ac0db11d81d6319ebd0bb253b2f01713df3ab\spring-jdbc-5.0.4.RELEASE.jar;D:\GRADLE_USER_HOME\caches\modules-2\files-2.1\org.springframework.data\spring-data-commons\2.0.5.RELEASE\f5357c650f63f3a187d3d4086a9e9132f33851a6\spring-data-commons-2.0.5.RELEASE.jar;D:\GRADLE_USER_HOME\caches\modules-2\files-2.1\org.springframework\spring-tx\5.0.4.RELEASE\7afc193c5d2b812ee6d2ccaf6fcc81fb83bfb4a7\spring-tx-5.0.4.RELEASE.jar;D:\GRADLE_USER_HOME\caches\modules-2\files-2.1\org.springframework\spring-beans\5.0.4.RELEASE\7a8c3d48d4c33621e64d1399721d8e067450fcbd\spring-beans-5.0.4.RELEASE.jar;D:\GRADLE_USER_HOME\caches\modules-2\files-2.1\org.springframework\spring-expression\5.0.4.RELEASE\4bda161f2e34c1486f2527a23eb47293567f473c\spring-expression-5.0.4.RELEASE.jar;D:\GRADLE_USER_HOME\caches\modules-2\files-2.1\org.springframework\spring-core\5.0.4.RELEASE\2221a957b5561a34f044350ba4e30ef5870254a3\spring-core-5.0.4.RELEASE.jar;D:\GRADLE_USER_HOME\caches\modules-2\files-2.1\org.xmlunit\xmlunit-core\2.5.1\4ffdb346572a7356f7521cd3119ce5287d2e339d\xmlunit-core-2.5.1.jar;D:\GRADLE_USER_HOME\caches\modules-2\files-2.1\org.springframework.boot\spring-boot-starter-logging\2.0.0.RELEASE\fe939b71659ef1f98a53cce0b5bcf771685cf6a6\spring-boot-starter-logging-2.0.0.RELEASE.jar;D:\GRADLE_USER_HOME\caches\modules-2\files-2.1\org.glassfish.jersey.core\jersey-client\2.26\125b8d1040d121a5dc4ce6858e21a6160bed7afa\jersey-client-2.26.jar;D:\GRADLE_USER_HOME\caches\modules-2\files-2.1\org.glassfish.jersey.media\jersey-media-jaxb\2.26\791397ceb5d1c8f389664b1de3e4208c2ac1015b\jersey-media-jaxb-2.26.jar;D:\GRADLE_USER_HOME\caches\modules-2\files-2.1\org.glassfish.jersey.inject\jersey-hk2\2.26\df27f7d7577acf4b532684448021632098924dab\jersey-hk2-2.26.jar;D:\GRADLE_USER_HOME\caches\modules-2\files-2.1\org.glassfish.jersey.core\jersey-common\2.26\d96475745c5e72cafcbc4dc9e2e725f4d9683f21\jersey-common-2.26.jar;D:\GRADLE_USER_HOME\caches\modules-2\files-2.1\org.glassfish.hk2\hk2\2.5.0-b42\adc396d57e9cada50f57d32cdabaf31a20a758d\hk2-2.5.0-b42.jar;D:\GRADLE_USER_HOME\caches\modules-2\files-2.1\org.glassfish.hk2\config-types\2.5.0-b42\3e927a0624955d10bec3eb5424a1e6ca3d5f92ae\config-types-2.5.0-b42.jar;D:\GRADLE_USER_HOME\caches\modules-2\files-2.1\org.glassfish.hk2\hk2-config\2.5.0-b42\de522871d987e2bf502753c807461f9ee805f6bd\hk2-config-2.5.0-b42.jar;D:\GRADLE_USER_HOME\caches\modules-2\files-2.1\org.glassfish.hk2\hk2-core\2.5.0-b42\7a4954663f1b65b1938fd275b34bbf1e23965381\hk2-core-2.5.0-b42.jar;D:\GRADLE_USER_HOME\caches\modules-2\files-2.1\org.glassfish.hk2\hk2-runlevel\2.5.0-b42\6502d8997ac961f0d2d16d90e838d25626c1a37b\hk2-runlevel-2.5.0-b42.jar;D:\GRADLE_USER_HOME\caches\modules-2\files-2.1\org.glassfish.hk2\hk2-locator\2.5.0-b42\9d6edc0cb226401a8316e67d81bfc37cb626ef91\hk2-locator-2.5.0-b42.jar;D:\GRADLE_USER_HOME\caches\modules-2\files-2.1\org.glassfish.hk2\hk2-api\2.5.0-b42\7fd4e3d0f2cb37c80ad0dedee3f5ee69503eaf52\hk2-api-2.5.0-b42.jar;D:\GRADLE_USER_HOME\caches\modules-2\files-2.1\org.glassfish.hk2\hk2-utils\2.5.0-b42\102a344e1728825e865a8986d7605602aba3c3b6\hk2-utils-2.5.0-b42.jar;D:\GRADLE_USER_HOME\caches\modules-2\files-2.1\javax.annotation\javax.annotation-api\1.3.2\934c04d3cfef185a8008e7bf34331b79730a9d43\javax.annotation-api-1.3.2.jar;D:\GRADLE_USER_HOME\caches\modules-2\files-2.1\org.yaml\snakeyaml\1.19\2d998d3d674b172a588e54ab619854d073f555b5\snakeyaml-1.19.jar;D:\GRADLE_USER_HOME\caches\modules-2\files-2.1\com.fasterxml.jackson.datatype\jackson-datatype-jsr310\2.9.4\12d52679a6615c7972ea25bd8ebb60b191fe79b7\jackson-datatype-jsr310-2.9.4.jar;D:\GRADLE_USER_HOME\caches\modules-2\files-2.1\com.fasterxml.jackson.datatype\jackson-datatype-jdk8\2.9.4\63ac052d52a70a15820d3dc07ea757826fd51d40\jackson-datatype-jdk8-2.9.4.jar;D:\GRADLE_USER_HOME\caches\modules-2\files-2.1\com.fasterxml.jackson.module\jackson-module-parameter-names\2.9.4\5833c819877c3e85bad847f4d2fa4e70379217c6\jackson-module-parameter-names-2.9.4.jar;D:\GRADLE_USER_HOME\caches\modules-2\files-2.1\com.fasterxml.jackson.module\jackson-module-jaxb-annotations\2.9.4\c2c8d1fba9a00a1805dc98992822ed01543b111b\jackson-module-jaxb-annotations-2.9.4.jar;D:\GRADLE_USER_HOME\caches\modules-2\files-2.1\com.fasterxml.jackson.core\jackson-databind\2.9.4\498bbc3b94f566982c7f7c6d4d303fce365529be\jackson-databind-2.9.4.jar;D:\GRADLE_USER_HOME\caches\modules-2\files-2.1\org.hdrhistogram\HdrHistogram\2.1.10\9e1ac84eed220281841b75e72fb9de5a297fbf04\HdrHistogram-2.1.10.jar;D:\GRADLE_USER_HOME\caches\modules-2\files-2.1\org.latencyutils\LatencyUtils\2.0.3\769c0b82cb2421c8256300e907298a9410a2a3d3\LatencyUtils-2.0.3.jar;D:\GRADLE_USER_HOME\caches\modules-2\files-2.1\org.aspectj\aspectjweaver\1.8.13\ad94df2a28d658a40dc27bbaff6a1ce5fbf04e9b\aspectjweaver-1.8.13.jar;D:\GRADLE_USER_HOME\caches\modules-2\files-2.1\com.zaxxer\HikariCP\2.7.8\4a3a604fa2efa89621aa498d04e000b2bed90c39\HikariCP-2.7.8.jar;D:\GRADLE_USER_HOME\caches\modules-2\files-2.1\org.hibernate.common\hibernate-commons-annotations\5.0.1.Final\71e1cff3fcb20d3b3af4f3363c3ddb24d33c6879\hibernate-commons-annotations-5.0.1.Final.jar;D:\GRADLE_USER_HOME\caches\modules-2\files-2.1\org.jboss.logging\jboss-logging\3.3.2.Final\3789d00e859632e6c6206adc0c71625559e6e3b0\jboss-logging-3.3.2.Final.jar;D:\GRADLE_USER_HOME\caches\modules-2\files-2.1\org.hibernate.javax.persistence\hibernate-jpa-2.1-api\1.0.0.Final\5e731d961297e5a07290bfaf3db1fbc8bbbf405a\hibernate-jpa-2.1-api-1.0.0.Final.jar;D:\GRADLE_USER_HOME\caches\modules-2\files-2.1\org.javassist\javassist\3.22.0-GA\3e83394258ae2089be7219b971ec21a8288528ad\javassist-3.22.0-GA.jar;D:\GRADLE_USER_HOME\caches\modules-2\files-2.1\antlr\antlr\2.7.7\83cd2cd674a217ade95a4bb83a8a14f351f48bd0\antlr-2.7.7.jar;D:\GRADLE_USER_HOME\caches\modules-2\files-2.1\org.jboss\jandex\2.0.3.Final\bfc4d6257dbff7a33a357f0de116be6ff951d849\jandex-2.0.3.Final.jar;D:\GRADLE_USER_HOME\caches\modules-2\files-2.1\com.fasterxml\classmate\1.3.4\3d5f48f10bbe4eb7bd862f10c0583be2e0053c6\classmate-1.3.4.jar;D:\GRADLE_USER_HOME\caches\modules-2\files-2.1\dom4j\dom4j\1.6.1\5d3ccc056b6f056dbf0dddfdf43894b9065a8f94\dom4j-1.6.1.jar;D:\GRADLE_USER_HOME\caches\modules-2\files-2.1\org.thymeleaf\thymeleaf\3.0.9.RELEASE\64185cca50ac808ad034841c84b4013f955465d2\thymeleaf-3.0.9.RELEASE.jar;D:\GRADLE_USER_HOME\caches\modules-2\files-2.1\ch.qos.logback\logback-classic\1.2.3\7c4f3c474fb2c041d8028740440937705ebb473a\logback-classic-1.2.3.jar;D:\GRADLE_USER_HOME\caches\modules-2\files-2.1\org.apache.logging.log4j\log4j-to-slf4j\2.10.0\f7e631ccf49cfc0aefa4a2a728da7d374c05bd3c\log4j-to-slf4j-2.10.0.jar;D:\GRADLE_USER_HOME\caches\modules-2\files-2.1\org.slf4j\jul-to-slf4j\1.7.25\af5364cd6679bfffb114f0dec8a157aaa283b76\jul-to-slf4j-1.7.25.jar;D:\GRADLE_USER_HOME\caches\modules-2\files-2.1\org.slf4j\slf4j-api\1.7.25\da76ca59f6a57ee3102f8f9bd9cee742973efa8a\slf4j-api-1.7.25.jar;D:\GRADLE_USER_HOME\caches\modules-2\files-2.1\org.apache.tomcat.embed\tomcat-embed-websocket\8.5.28\8a5a48740dd80cad644ceb541e77fd8e0809e3b7\tomcat-embed-websocket-8.5.28.jar;D:\GRADLE_USER_HOME\caches\modules-2\files-2.1\org.apache.tomcat.embed\tomcat-embed-core\8.5.28\b684c98cf77c6528079c4e59fc1feeb218bf82f1\tomcat-embed-core-8.5.28.jar;D:\GRADLE_USER_HOME\caches\modules-2\files-2.1\org.apache.tomcat.embed\tomcat-embed-el\8.5.28\75745598f60646ccf0c4b105468a9c8be9b8432e\tomcat-embed-el-8.5.28.jar;D:\GRADLE_USER_HOME\caches\modules-2\files-2.1\org.glassfish.jersey.ext\jersey-entity-filtering\2.26\a8ea15c9cd0bd8b090dbbf0f0e43aa39604f3433\jersey-entity-filtering-2.26.jar;D:\GRADLE_USER_HOME\caches\modules-2\files-2.1\javax.ws.rs\javax.ws.rs-api\2.1\426a0862406536e690c7caa8bb6ed32191986fac\javax.ws.rs-api-2.1.jar;D:\GRADLE_USER_HOME\caches\modules-2\files-2.1\javax.validation\validation-api\2.0.1.Final\cb855558e6271b1b32e716d24cb85c7f583ce09e\validation-api-2.0.1.Final.jar;D:\GRADLE_USER_HOME\caches\modules-2\files-2.1\com.fasterxml.jackson.core\jackson-annotations\2.9.0\7c10d545325e3a6e72e06381afe469fd40eb701\jackson-annotations-2.9.0.jar;D:\GRADLE_USER_HOME\caches\modules-2\files-2.1\net.minidev\json-smart\2.3\7396407491352ce4fa30de92efb158adb76b5b\json-smart-2.3.jar;D:\GRADLE_USER_HOME\caches\modules-2\files-2.1\net.bytebuddy\byte-buddy\1.7.10\3c8ec287c0a5bd04b1e3f11723bc46a50346602b\byte-buddy-1.7.10.jar;D:\GRADLE_USER_HOME\caches\modules-2\files-2.1\net.bytebuddy\byte-buddy-agent\1.7.10\9b092a8fb9112b89f6cb23fc929cfb931b14007b\byte-buddy-agent-1.7.10.jar;D:\GRADLE_USER_HOME\caches\modules-2\files-2.1\org.objenesis\objenesis\2.6\639033469776fd37c08358c6b92a4761feb2af4b\objenesis-2.6.jar;D:\GRADLE_USER_HOME\caches\modules-2\files-2.1\com.vaadin.external.google\android-json\0.0.20131108.vaadin1\fa26d351fe62a6a17f5cda1287c1c6110dec413f\android-json-0.0.20131108.vaadin1.jar;D:\GRADLE_USER_HOME\caches\modules-2\files-2.1\org.springframework\spring-jcl\5.0.4.RELEASE\3053e2bad0a18571bdbb9596ce51f9d458f5934f\spring-jcl-5.0.4.RELEASE.jar;D:\GRADLE_USER_HOME\caches\modules-2\files-2.1\com.fasterxml.jackson.core\jackson-core\2.9.4\a9a71ec1aa37da47db168fede9a4a5fb5e374320\jackson-core-2.9.4.jar;D:\GRADLE_USER_HOME\caches\modules-2\files-2.1\org.glassfish.hk2\osgi-resource-locator\1.0.1\4ed2b2d4738aed5786cfa64cba5a332779c4c708\osgi-resource-locator-1.0.1.jar;D:\GRADLE_USER_HOME\caches\modules-2\files-2.1\org.glassfish.hk2\class-model\2.5.0-b42\a9824e8ed9748f3622394d6d32098cc1bb2a0ea1\class-model-2.5.0-b42.jar;D:\GRADLE_USER_HOME\caches\modules-2\files-2.1\org.attoparser\attoparser\2.0.4.RELEASE\5cf02c4d8303a81f0c80971bb1dcd40d3ba96009\attoparser-2.0.4.RELEASE.jar;D:\GRADLE_USER_HOME\caches\modules-2\files-2.1\org.unbescape\unbescape\1.1.5.RELEASE\46dc644ea9c234317d926ebac5bf5d8f114dc1ba\unbescape-1.1.5.RELEASE.jar;D:\GRADLE_USER_HOME\caches\modules-2\files-2.1\net.minidev\accessors-smart\1.2\c592b500269bfde36096641b01238a8350f8aa31\accessors-smart-1.2.jar;D:\GRADLE_USER_HOME\caches\modules-2\files-2.1\ch.qos.logback\logback-core\1.2.3\864344400c3d4d92dfeb0a305dc87d953677c03c\logback-core-1.2.3.jar;D:\GRADLE_USER_HOME\caches\modules-2\files-2.1\org.apache.logging.log4j\log4j-api\2.10.0\fec5797a55b786184a537abd39c3fa1449d752d6\log4j-api-2.10.0.jar;D:\GRADLE_USER_HOME\caches\modules-2\files-2.1\org.glassfish.hk2.external\aopalliance-repackaged\2.5.0-b42\e74beab6ca12e9e745eb47ca61729d9452b96f0c\aopalliance-repackaged-2.5.0-b42.jar;D:\GRADLE_USER_HOME\caches\modules-2\files-2.1\javax.inject\javax.inject\1\6975da39a7040257bd51d21a231b76c915872d38\javax.inject-1.jar;D:\GRADLE_USER_HOME\caches\modules-2\files-2.1\org.glassfish.hk2.external\asm-all-repackaged\2.5.0-b42\3afd5d4f63116e8c00b430f32092282e5e475ce8\asm-all-repackaged-2.5.0-b42.jar;D:\GRADLE_USER_HOME\caches\modules-2\files-2.1\org.ow2.asm\asm\5.0.4\da08b8cce7bbf903602a25a3a163ae252435795\asm-5.0.4.jar, user.name=stanwa, java.vm.specification.version=1.8, sun.java.command=worker.org.gradle.process.internal.worker.GradleWorkerMain 'Gradle Test Executor 1', java.home=C:\Program Files\Java\jdk1.8.0_121\jre, sun.arch.data.model=64, user.language=en, java.specification.vendor=Oracle Corporation, awt.toolkit=sun.awt.windows.WToolkit, java.vm.info=mixed mode, java.version=1.8.0_121, java.ext.dirs=C:\Program Files\Java\jdk1.8.0_121\jre\lib\ext;C:\Windows\Sun\Java\lib\ext, sun.boot.class.path=C:\Program Files\Java\jdk1.8.0_121\jre\lib\resources.jar;C:\Program Files\Java\jdk1.8.0_121\jre\lib\rt.jar;C:\Program Files\Java\jdk1.8.0_121\jre\lib\sunrsasign.jar;C:\Program Files\Java\jdk1.8.0_121\jre\lib\jsse.jar;C:\Program Files\Java\jdk1.8.0_121\jre\lib\jce.jar;C:\Program Files\Java\jdk1.8.0_121\jre\lib\charsets.jar;C:\Program Files\Java\jdk1.8.0_121\jre\lib\jfr.jar;C:\Program Files\Java\jdk1.8.0_121\jre\classes, java.vendor=Oracle Corporation, org.gradle.test.worker=1, file.separator=\, java.vendor.url.bug=http://bugreport.sun.com/bugreport/, sun.io.unicode.encoding=UnicodeLittle, sun.cpu.endian=little, sun.desktop=windows, sun.cpu.isalist=amd64}}, SystemEnvironmentPropertySource@888962644 {name='systemEnvironment', properties={PROCESSOR_LEVEL=6, FP_NO_HOST_CHECK=NO, M2=C:\apache-maven-2.2.1\bin, SESSIONNAME=Console, ALLUSERSPROFILE=C:\ProgramData, PROCESSOR_ARCHITECTURE=AMD64, PSModulePath=C:\Windows\system32\WindowsPowerShell\v1.0\Modules\;C:\Program Files (x86)\Microsoft SQL Server\110\Tools\PowerShell\Modules\, SystemDrive=C:, DIRNAME=D:\gradle-4.6\bin\, USERNAME=stanwa, USERDNSDOMAIN=SAPIENT.COM, CMD_LINE_ARGS=clean build, ProgramFiles(x86)=C:\Program Files (x86), APP_HOME=D:\gradle-4.6\bin\.., PATHEXT=.COM;.EXE;.BAT;.CMD;.VBS;.VBE;.JS;.JSE;.WSF;.WSH;.MSC, ProgramData=C:\ProgramData, ProgramW6432=C:\Program Files, HOMEPATH=\Users\stanwa, PROCESSOR_IDENTIFIER=Intel64 Family 6 Model 60 Stepping 3, GenuineIntel, M2_HOME=C:\apache-maven-2.2.1, ProgramFiles=C:\Program Files, PUBLIC=C:\Users\Public, windir=C:\Windows, =::=::\, _SKIP=2, LOCALAPPDATA=C:\Users\stanwa\AppData\Local, USERDOMAIN=SAPIENT, LOGONSERVER=\\DLUADS1, JAVA_HOME=C:\Program Files\Java\jdk1.8.0_121, PROMPT=$P$G, GRADLE_HOME=D:\gradle-4.6, MAVEN_OPTS=-Xms512m -Xmx1G -XX:MaxPermSize=512m, ANT_HOME=C:\apache-ant-1.9.3, APPDATA=C:\Users\stanwa\AppData\Roaming, GRADLE_USER_HOME=D:\GRADLE_USER_HOME, JAVA_EXE=C:\Program Files\Java\jdk1.8.0_121/bin/java.exe, CommonProgramFiles=C:\Program Files\Common Files, Path=d:\tibco5.11\tibrv\8.4\bin;D:\oracle\product\10.2.0\client_1\bin;C:\Windows\SYSTEM32;C:\Windows;C:\Windows\SYSTEM32\WBEM;C:\Windows\SYSTEM32\WINDOWSPOWERSHELL\V1.0\;c:\Program Files\Intel\WiFi\bin\;c:\Program Files\Common Files\Intel\WirelessCommon\;C:\Program Files (x86)\Microsoft SQL Server\110\Tools\Binn\;C:\Program Files\Microsoft SQL Server\110\Tools\Binn\;C:\Program Files\Microsoft SQL Server\110\DTS\Binn\;C:\Program Files\TortoiseSVN\bin;C:\Program Files\Git\cmd;C:\Program Files\TortoiseGit\bin;C:\Program Files\MySQL\MySQL Utilities 1.6\;C:\Program Files\Java\jdk1.8.0_121\bin;C:\Program Files\Intel\WiFi\bin\;C:\Program Files\Common Files\Intel\WirelessCommon\;C:\apache-maven-2.2.1\bin;C:\Program Files\TortoiseSVN\bin;C:\apache-ant-1.9.3\bin;D:\gradle-4.6\bin;C:\Users\stanwa\AppData\Local\Programs\Python\Python36\Scripts;C:\Users\stanwa\AppData\Local\Box\Box Edit\, OS=Windows_NT, COMPUTERNAME=DLUSTANWA60859, PROCESSOR_REVISION=3c03, CLASSPATH=D:\gradle-4.6\bin\..\lib\gradle-launcher-4.6.jar, CommonProgramW6432=C:\Program Files\Common Files, ComSpec=C:\Windows\system32\cmd.exe, UATDATA=C:\Windows\CCM\UATData\D9F8C395-CAB8-491d-B8AC-179A1FE1BE77, APP_BASE_NAME=gradle, =D:=D:\AESO_GIT_REPO\HackathonCode\TransmissionLineService_gitHub\transmissionlineservice, SystemRoot=C:\Windows, TEMP=C:\Users\stanwa\AppData\Local\Temp, HOMEDRIVE=C:, USERPROFILE=C:\Users\stanwa, TMP=C:\Users\stanwa\AppData\Local\Temp, CommonProgramFiles(x86)=C:\Program Files (x86)\Common Files, NUMBER_OF_PROCESSORS=4}}]
18:01:39.351 [Test worker] DEBUG org.springframework.core.io.support.PathMatchingResourcePatternResolver - Resolved classpath location [com/hack/TransmissionLineService/] to resources [URL [file:/D:/AESO_GIT_REPO/HackathonCode/TransmissionLineService_gitHub/transmissionlineservice/build/classes/java/test/com/hack/TransmissionLineService/], URL [file:/D:/AESO_GIT_REPO/HackathonCode/TransmissionLineService_gitHub/transmissionlineservice/build/classes/java/main/com/hack/TransmissionLineService/]]
18:01:39.352 [Test worker] DEBUG org.springframework.core.io.support.PathMatchingResourcePatternResolver - Looking for matching resources in directory tree [D:\AESO_GIT_REPO\HackathonCode\TransmissionLineService_gitHub\transmissionlineservice\build\classes\java\test\com\hack\TransmissionLineService]
18:01:39.352 [Test worker] DEBUG org.springframework.core.io.support.PathMatchingResourcePatternResolver - Searching directory [D:\AESO_GIT_REPO\HackathonCode\TransmissionLineService_gitHub\transmissionlineservice\build\classes\java\test\com\hack\TransmissionLineService] for files matching pattern [D:/AESO_GIT_REPO/HackathonCode/TransmissionLineService_gitHub/transmissionlineservice/build/classes/java/test/com/hack/TransmissionLineService/*.class]
18:01:39.355 [Test worker] DEBUG org.springframework.core.io.support.PathMatchingResourcePatternResolver - Looking for matching resources in directory tree [D:\AESO_GIT_REPO\HackathonCode\TransmissionLineService_gitHub\transmissionlineservice\build\classes\java\main\com\hack\TransmissionLineService]
18:01:39.355 [Test worker] DEBUG org.springframework.core.io.support.PathMatchingResourcePatternResolver - Searching directory [D:\AESO_GIT_REPO\HackathonCode\TransmissionLineService_gitHub\transmissionlineservice\build\classes\java\main\com\hack\TransmissionLineService] for files matching pattern [D:/AESO_GIT_REPO/HackathonCode/TransmissionLineService_gitHub/transmissionlineservice/build/classes/java/main/com/hack/TransmissionLineService/*.class]
18:01:39.357 [Test worker] DEBUG org.springframework.core.io.support.PathMatchingResourcePatternResolver - Resolved location pattern [classpath*:com/hack/TransmissionLineService/*.class] to resources [file [D:\AESO_GIT_REPO\HackathonCode\TransmissionLineService_gitHub\transmissionlineservice\build\classes\java\test\com\hack\TransmissionLineService\TransmissionLineServiceApplicationTests.class], file [D:\AESO_GIT_REPO\HackathonCode\TransmissionLineService_gitHub\transmissionlineservice\build\classes\java\main\com\hack\TransmissionLineService\Action.class], file [D:\AESO_GIT_REPO\HackathonCode\TransmissionLineService_gitHub\transmissionlineservice\build\classes\java\main\com\hack\TransmissionLineService\Event.class], file [D:\AESO_GIT_REPO\HackathonCode\TransmissionLineService_gitHub\transmissionlineservice\build\classes\java\main\com\hack\TransmissionLineService\PoolPrice.class], file [D:\AESO_GIT_REPO\HackathonCode\TransmissionLineService_gitHub\transmissionlineservice\build\classes\java\main\com\hack\TransmissionLineService\SMP.class], file [D:\AESO_GIT_REPO\HackathonCode\TransmissionLineService_gitHub\transmissionlineservice\build\classes\java\main\com\hack\TransmissionLineService\TransmissionLineServiceApplication.class]]
18:01:39.409 [Test worker] DEBUG org.springframework.context.annotation.ClassPathScanningCandidateComponentProvider - Identified candidate component class: file [D:\AESO_GIT_REPO\HackathonCode\TransmissionLineService_gitHub\transmissionlineservice\build\classes\java\main\com\hack\TransmissionLineService\TransmissionLineServiceApplication.class]
18:01:39.411 [Test worker] INFO org.springframework.boot.test.context.SpringBootTestContextBootstrapper - Found @SpringBootConfiguration com.hack.TransmissionLineService.TransmissionLineServiceApplication for test class com.hack.TransmissionLineService.TransmissionLineServiceApplicationTests
18:01:39.546 [Test worker] DEBUG org.springframework.boot.test.context.SpringBootTestContextBootstrapper - @TestExecutionListeners is not present for class [com.hack.TransmissionLineService.TransmissionLineServiceApplicationTests]: using defaults.
18:01:39.546 [Test worker] INFO org.springframework.boot.test.context.SpringBootTestContextBootstrapper - Loaded default TestExecutionListener class names from location [META-INF/spring.factories]: [org.springframework.boot.test.autoconfigure.restdocs.RestDocsTestExecutionListener, org.springframework.boot.test.autoconfigure.web.client.MockRestServiceServerResetTestExecutionListener, org.springframework.boot.test.autoconfigure.web.servlet.MockMvcPrintOnlyOnFailureTestExecutionListener, org.springframework.boot.test.autoconfigure.web.servlet.WebDriverTestExecutionListener, org.springframework.boot.test.mock.mockito.MockitoTestExecutionListener, org.springframework.boot.test.mock.mockito.ResetMocksTestExecutionListener, org.springframework.test.context.web.ServletTestExecutionListener, org.springframework.test.context.support.DirtiesContextBeforeModesTestExecutionListener, org.springframework.test.context.support.DependencyInjectionTestExecutionListener, org.springframework.test.context.support.DirtiesContextTestExecutionListener, org.springframework.test.context.transaction.TransactionalTestExecutionListener, org.springframework.test.context.jdbc.SqlScriptsTestExecutionListener]
18:01:39.563 [Test worker] INFO org.springframework.boot.test.context.SpringBootTestContextBootstrapper - Using TestExecutionListeners: [org.springframework.test.context.web.ServletTestExecutionListener@a0b0f88, org.springframework.test.context.support.DirtiesContextBeforeModesTestExecutionListener@c6fe3ba, org.springframework.boot.test.mock.mockito.MockitoTestExecutionListener@74f07c, org.springframework.boot.test.autoconfigure.SpringBootDependencyInjectionTestExecutionListener@5b743843, org.springframework.test.context.support.DirtiesContextTestExecutionListener@9511bea, org.springframework.test.context.transaction.TransactionalTestExecutionListener@7ad04b49, org.springframework.test.context.jdbc.SqlScriptsTestExecutionListener@5d80a37f, org.springframework.boot.test.autoconfigure.restdocs.RestDocsTestExecutionListener@274c2eac, org.springframework.boot.test.autoconfigure.web.client.MockRestServiceServerResetTestExecutionListener@26c3ffe4, org.springframework.boot.test.autoconfigure.web.servlet.MockMvcPrintOnlyOnFailureTestExecutionListener@5eb16276, org.springframework.boot.test.autoconfigure.web.servlet.WebDriverTestExecutionListener@6f2a984, org.springframework.boot.test.mock.mockito.ResetMocksTestExecutionListener@400dceb8]
18:01:39.565 [Test worker] DEBUG org.springframework.test.annotation.ProfileValueUtils - Retrieved @ProfileValueSourceConfiguration [null] for test class [com.hack.TransmissionLineService.TransmissionLineServiceApplicationTests]
18:01:39.566 [Test worker] DEBUG org.springframework.test.annotation.ProfileValueUtils - Retrieved ProfileValueSource type [class org.springframework.test.annotation.SystemProfileValueSource] for class [com.hack.TransmissionLineService.TransmissionLineServiceApplicationTests]
18:01:39.566 [Test worker] DEBUG org.springframework.test.annotation.ProfileValueUtils - Retrieved @ProfileValueSourceConfiguration [null] for test class [com.hack.TransmissionLineService.TransmissionLineServiceApplicationTests]
18:01:39.566 [Test worker] DEBUG org.springframework.test.annotation.ProfileValueUtils - Retrieved ProfileValueSource type [class org.springframework.test.annotation.SystemProfileValueSource] for class [com.hack.TransmissionLineService.TransmissionLineServiceApplicationTests]
18:01:39.570 [Test worker] DEBUG org.springframework.test.context.support.AbstractDirtiesContextTestExecutionListener - Before test class: context [DefaultTestContext@52d77358 testClass = TransmissionLineServiceApplicationTests, testInstance = [null], testMethod = [null], testException = [null], mergedContextConfiguration = [WebMergedContextConfiguration@d119e46 testClass = TransmissionLineServiceApplicationTests, locations = '{}', classes = '{class com.hack.TransmissionLineService.TransmissionLineServiceApplication}', contextInitializerClasses = '[]', activeProfiles = '{}', propertySourceLocations = '{}', propertySourceProperties = '{org.springframework.boot.test.context.SpringBootTestContextBootstrapper=true}', contextCustomizers = set[org.springframework.boot.test.autoconfigure.properties.PropertyMappingContextCustomizer@0, org.springframework.boot.test.autoconfigure.web.servlet.WebDriverContextCustomizerFactory$Customizer@51be2b66, org.springframework.boot.test.context.filter.ExcludeFilterContextCustomizer@25619e7a, org.springframework.boot.test.json.DuplicateJsonObjectContextCustomizerFactory$DuplicateJsonObjectContextCustomizer@2148bdc3, org.springframework.boot.test.mock.mockito.MockitoContextCustomizer@0, org.springframework.boot.test.web.client.TestRestTemplateContextCustomizer@2c296c0d], resourceBasePath = 'src/main/webapp', contextLoader = 'org.springframework.boot.test.context.SpringBootContextLoader', parent = [null]], attributes = map['org.springframework.test.context.web.ServletTestExecutionListener.activateListener' -> true]], class annotated with @DirtiesContext [false] with mode [null].
18:01:39.570 [Test worker] DEBUG org.springframework.test.annotation.ProfileValueUtils - Retrieved @ProfileValueSourceConfiguration [null] for test class [com.hack.TransmissionLineService.TransmissionLineServiceApplicationTests]
18:01:39.570 [Test worker] DEBUG org.springframework.test.annotation.ProfileValueUtils - Retrieved ProfileValueSource type [class org.springframework.test.annotation.SystemProfileValueSource] for class [com.hack.TransmissionLineService.TransmissionLineServiceApplicationTests]
18:01:39.590 [Test worker] DEBUG org.springframework.core.env.StandardEnvironment - Adding PropertySource 'systemProperties' with lowest search precedence
18:01:39.590 [Test worker] DEBUG org.springframework.core.env.StandardEnvironment - Adding PropertySource 'systemEnvironment' with lowest search precedence
18:01:39.591 [Test worker] DEBUG org.springframework.core.env.StandardEnvironment - Initialized StandardEnvironment with PropertySources [MapPropertySource@1515868808 {name='systemProperties', properties={java.runtime.name=Java(TM) SE Runtime Environment, sun.boot.library.path=C:\Program Files\Java\jdk1.8.0_121\jre\bin, java.vm.version=25.121-b13, java.vm.vendor=Oracle Corporation, java.vendor.url=http://java.oracle.com/, path.separator=;, java.vm.name=Java HotSpot(TM) 64-Bit Server VM, file.encoding.pkg=sun.io, user.script=, sun.java.launcher=SUN_STANDARD, user.country=US, sun.os.patch.level=Service Pack 1, java.vm.specification.name=Java Virtual Machine Specification, user.dir=D:\AESO_GIT_REPO\HackathonCode\TransmissionLineService_gitHub\transmissionlineservice, java.runtime.version=1.8.0_121-b13, java.awt.graphicsenv=sun.awt.Win32GraphicsEnvironment, java.endorsed.dirs=C:\Program Files\Java\jdk1.8.0_121\jre\lib\endorsed, os.arch=amd64, java.io.tmpdir=C:\Users\stanwa\AppData\Local\Temp\, line.separator=
, java.vm.specification.vendor=Oracle Corporation, user.variant=, os.name=Windows 7, sun.jnu.encoding=Cp1252, java.library.path=C:\Program Files\Java\jdk1.8.0_121\bin;C:\Windows\Sun\Java\bin;C:\Windows\system32;C:\Windows;d:\tibco5.11\tibrv\8.4\bin;D:\oracle\product\10.2.0\client_1\bin;C:\Windows\SYSTEM32;C:\Windows;C:\Windows\SYSTEM32\WBEM;C:\Windows\SYSTEM32\WINDOWSPOWERSHELL\V1.0\;c:\Program Files\Intel\WiFi\bin\;c:\Program Files\Common Files\Intel\WirelessCommon\;C:\Program Files (x86)\Microsoft SQL Server\110\Tools\Binn\;C:\Program Files\Microsoft SQL Server\110\Tools\Binn\;C:\Program Files\Microsoft SQL Server\110\DTS\Binn\;C:\Program Files\TortoiseSVN\bin;C:\Program Files\Git\cmd;C:\Program Files\TortoiseGit\bin;C:\Program Files\MySQL\MySQL Utilities 1.6\;C:\Program Files\Java\jdk1.8.0_121\bin;C:\Program Files\Intel\WiFi\bin\;C:\Program Files\Common Files\Intel\WirelessCommon\;C:\apache-maven-2.2.1\bin;C:\Program Files\TortoiseSVN\bin;C:\apache-ant-1.9.3\bin;D:\gradle-4.6\bin;C:\Users\stanwa\AppData\Local\Programs\Python\Python36\Scripts;C:\Users\stanwa\AppData\Local\Box\Box Edit\;., java.specification.name=Java Platform API Specification, java.class.version=52.0, org.gradle.native=false, sun.management.compiler=HotSpot 64-Bit Tiered Compilers, os.version=6.1, user.home=C:\Users\stanwa, user.timezone=Asia/Calcutta, java.awt.printerjob=sun.awt.windows.WPrinterJob, file.encoding=windows-1252, java.specification.version=1.8, java.class.path=D:\AESO_GIT_REPO\HackathonCode\TransmissionLineService_gitHub\transmissionlineservice\build\classes\java\test;D:\AESO_GIT_REPO\HackathonCode\TransmissionLineService_gitHub\transmissionlineservice\build\resources\test;D:\AESO_GIT_REPO\HackathonCode\TransmissionLineService_gitHub\transmissionlineservice\build\classes\java\main;D:\AESO_GIT_REPO\HackathonCode\TransmissionLineService_gitHub\transmissionlineservice\build\resources\main;D:\GRADLE_USER_HOME\caches\modules-2\files-2.1\org.springframework.boot\spring-boot-starter-actuator\2.0.0.RELEASE\22d7f64be5452ddad3fd0d651c818de658a18f3e\spring-boot-starter-actuator-2.0.0.RELEASE.jar;D:\GRADLE_USER_HOME\caches\modules-2\files-2.1\org.springframework.boot\spring-boot-starter-data-jpa\2.0.0.RELEASE\cc7bc2df046149870255d22367f8f7276eb82e98\spring-boot-starter-data-jpa-2.0.0.RELEASE.jar;D:\GRADLE_USER_HOME\caches\modules-2\files-2.1\org.springframework.boot\spring-boot-starter-jersey\2.0.0.RELEASE\a2a5c43014954ca5524ed1f1f68b278f6ab8a733\spring-boot-starter-jersey-2.0.0.RELEASE.jar;D:\GRADLE_USER_HOME\caches\modules-2\files-2.1\org.springframework.boot\spring-boot-starter-thymeleaf\2.0.0.RELEASE\3f77dc6b3bfa8e9cc9e0eaa9abc32c5b00b5046a\spring-boot-starter-thymeleaf-2.0.0.RELEASE.jar;D:\GRADLE_USER_HOME\caches\modules-2\files-2.1\org.springframework.boot\spring-boot-starter-web\2.0.0.RELEASE\fcb2a9e18f98382e626935841f85ed44d7153615\spring-boot-starter-web-2.0.0.RELEASE.jar;D:\GRADLE_USER_HOME\caches\modules-2\files-2.1\com.h2database\h2\1.4.196\dd0034398d593aa3588c6773faac429bbd9aea0e\h2-1.4.196.jar;D:\GRADLE_USER_HOME\caches\modules-2\files-2.1\org.springframework.boot\spring-boot-starter-test\2.0.0.RELEASE\4ff0e1d9bd315a4a5867e9c6128691cac8b37348\spring-boot-starter-test-2.0.0.RELEASE.jar;D:\GRADLE_USER_HOME\caches\modules-2\files-2.1\org.springframework.boot\spring-boot-starter-aop\2.0.0.RELEASE\9afd572ca8de272e6d919d914db5c73cd7d06ea2\spring-boot-starter-aop-2.0.0.RELEASE.jar;D:\GRADLE_USER_HOME\caches\modules-2\files-2.1\org.springframework.boot\spring-boot-starter-jdbc\2.0.0.RELEASE\bfe586f729ed86a421a79ac1b18d4e05acd25d68\spring-boot-starter-jdbc-2.0.0.RELEASE.jar;D:\GRADLE_USER_HOME\caches\modules-2\files-2.1\org.springframework.boot\spring-boot-starter-json\2.0.0.RELEASE\5a09c939d8bd60d7f163c1c0c20a3127ba9fffa\spring-boot-starter-json-2.0.0.RELEASE.jar;D:\GRADLE_USER_HOME\caches\modules-2\files-2.1\org.springframework.boot\spring-boot-starter-validation\2.0.0.RELEASE\374cd2dd14d91bb8025c4208998177ad2d733f90\spring-boot-starter-validation-2.0.0.RELEASE.jar;D:\GRADLE_USER_HOME\caches\modules-2\files-2.1\org.springframework.boot\spring-boot-starter\2.0.0.RELEASE\6d7d8e4bf053cd1833f3c7dbce676bc274f0892f\spring-boot-starter-2.0.0.RELEASE.jar;D:\GRADLE_USER_HOME\caches\modules-2\files-2.1\org.springframework.boot\spring-boot-actuator-autoconfigure\2.0.0.RELEASE\ffaa094aef881dbb30621f6f042dcfec125ffe9\spring-boot-actuator-autoconfigure-2.0.0.RELEASE.jar;D:\GRADLE_USER_HOME\caches\modules-2\files-2.1\io.micrometer\micrometer-core\1.0.1\698281b5829a16ddea19f3a5d4414d7ece1d3f11\micrometer-core-1.0.1.jar;D:\GRADLE_USER_HOME\caches\modules-2\files-2.1\org.hibernate\hibernate-core\5.2.14.Final\2132ad4a9fa5088156469ec85306afe574bb8c24\hibernate-core-5.2.14.Final.jar;D:\GRADLE_USER_HOME\caches\modules-2\files-2.1\javax.transaction\javax.transaction-api\1.2\d81aff979d603edd90dcd8db2abc1f4ce6479e3e\javax.transaction-api-1.2.jar;D:\GRADLE_USER_HOME\caches\modules-2\files-2.1\org.springframework.data\spring-data-jpa\2.0.5.RELEASE\51b2e315174e32b4c8a4841a147002555add076c\spring-data-jpa-2.0.5.RELEASE.jar;D:\GRADLE_USER_HOME\caches\modules-2\files-2.1\org.springframework\spring-aspects\5.0.4.RELEASE\454ee13fc4f439065572dd526e81c699d1d61e3e\spring-aspects-5.0.4.RELEASE.jar;D:\GRADLE_USER_HOME\caches\modules-2\files-2.1\org.springframework.boot\spring-boot-starter-tomcat\2.0.0.RELEASE\908bc9de1a7cfa857edf44182d426f6e0d8a3008\spring-boot-starter-tomcat-2.0.0.RELEASE.jar;D:\GRADLE_USER_HOME\caches\modules-2\files-2.1\org.glassfish.jersey.ext\jersey-spring4\2.26\e5f2654b343c31078d9b5c8a4f43b838b320099f\jersey-spring4-2.26.jar;D:\GRADLE_USER_HOME\caches\modules-2\files-2.1\org.springframework\spring-webmvc\5.0.4.RELEASE\addcf1caa22613c474bd6dde8c7134fef940b1f0\spring-webmvc-5.0.4.RELEASE.jar;D:\GRADLE_USER_HOME\caches\modules-2\files-2.1\org.springframework\spring-web\5.0.4.RELEASE\9565bbc67bf1a850a6505deaa5103931712a7b80\spring-web-5.0.4.RELEASE.jar;D:\GRADLE_USER_HOME\caches\modules-2\files-2.1\org.glassfish.jersey.containers\jersey-container-servlet\2.26\8723d05d1fe2fdda54d0921836ea5daa5abe5f00\jersey-container-servlet-2.26.jar;D:\GRADLE_USER_HOME\caches\modules-2\files-2.1\org.glassfish.jersey.containers\jersey-container-servlet-core\2.26\66a0d51facf1e49e2353ff0d2a2d4a9e2fa3f836\jersey-container-servlet-core-2.26.jar;D:\GRADLE_USER_HOME\caches\modules-2\files-2.1\org.glassfish.jersey.ext\jersey-bean-validation\2.26\33747b4e8a07c53550ee1cbe7fc4321600842c5a\jersey-bean-validation-2.26.jar;D:\GRADLE_USER_HOME\caches\modules-2\files-2.1\org.glassfish.jersey.core\jersey-server\2.26\aa8eff3d591641dadd7c9880bb73b59bf46d4c82\jersey-server-2.26.jar;D:\GRADLE_USER_HOME\caches\modules-2\files-2.1\org.glassfish.jersey.media\jersey-media-json-jackson\2.26\ce3109479991527107921ca5e7943a6e7e20db80\jersey-media-json-jackson-2.26.jar;D:\GRADLE_USER_HOME\caches\modules-2\files-2.1\org.thymeleaf\thymeleaf-spring5\3.0.9.RELEASE\abf84efd83808a70d982d2790f7f3a7bd3a39cf4\thymeleaf-spring5-3.0.9.RELEASE.jar;D:\GRADLE_USER_HOME\caches\modules-2\files-2.1\org.thymeleaf.extras\thymeleaf-extras-java8time\3.0.1.RELEASE\d23760d1e53cd70c489ef40dc94ee6bd2371cceb\thymeleaf-extras-java8time-3.0.1.RELEASE.jar;D:\GRADLE_USER_HOME\caches\modules-2\files-2.1\org.hibernate.validator\hibernate-validator\6.0.7.Final\8b9d9c7ec8c73963ea0fe81912fc67711a4ef76\hibernate-validator-6.0.7.Final.jar;D:\GRADLE_USER_HOME\caches\modules-2\files-2.1\org.springframework.boot\spring-boot-test-autoconfigure\2.0.0.RELEASE\db0595321e96929d9473cf061f3408972d03c6aa\spring-boot-test-autoconfigure-2.0.0.RELEASE.jar;D:\GRADLE_USER_HOME\caches\modules-2\files-2.1\org.springframework.boot\spring-boot-test\2.0.0.RELEASE\1565e78c2801bd3c7ece0a8ddc08e5ed53676878\spring-boot-test-2.0.0.RELEASE.jar;D:\GRADLE_USER_HOME\caches\modules-2\files-2.1\com.jayway.jsonpath\json-path\2.4.0\765a4401ceb2dc8d40553c2075eb80a8fa35c2ae\json-path-2.4.0.jar;D:\GRADLE_USER_HOME\caches\modules-2\files-2.1\junit\junit\4.12\2973d150c0dc1fefe998f834810d68f278ea58ec\junit-4.12.jar;D:\GRADLE_USER_HOME\caches\modules-2\files-2.1\org.assertj\assertj-core\3.9.1\c5ce126b15f28d56cd8f960c1a6a058b9c9aea87\assertj-core-3.9.1.jar;D:\GRADLE_USER_HOME\caches\modules-2\files-2.1\org.mockito\mockito-core\2.15.0\b84bfbbc29cd22c9529409627af6ea2897f4fa85\mockito-core-2.15.0.jar;D:\GRADLE_USER_HOME\caches\modules-2\files-2.1\org.hamcrest\hamcrest-library\1.3\4785a3c21320980282f9f33d0d1264a69040538f\hamcrest-library-1.3.jar;D:\GRADLE_USER_HOME\caches\modules-2\files-2.1\org.hamcrest\hamcrest-core\1.3\42a25dc3219429f0e5d060061f71acb49bf010a0\hamcrest-core-1.3.jar;D:\GRADLE_USER_HOME\caches\modules-2\files-2.1\org.skyscreamer\jsonassert\1.5.0\6c9d5fe2f59da598d9aefc1cfc6528ff3cf32df3\jsonassert-1.5.0.jar;D:\GRADLE_USER_HOME\caches\modules-2\files-2.1\org.springframework\spring-test\5.0.4.RELEASE\3fc10b6535a113593fa8780951465012a7677e21\spring-test-5.0.4.RELEASE.jar;D:\GRADLE_USER_HOME\caches\modules-2\files-2.1\org.springframework.boot\spring-boot-autoconfigure\2.0.0.RELEASE\c89896a469ecf92996ecba40755919896ace5470\spring-boot-autoconfigure-2.0.0.RELEASE.jar;D:\GRADLE_USER_HOME\caches\modules-2\files-2.1\org.springframework.boot\spring-boot-actuator\2.0.0.RELEASE\309a5d45b09e361d29c9e7d1def644d70a50173b\spring-boot-actuator-2.0.0.RELEASE.jar;D:\GRADLE_USER_HOME\caches\modules-2\files-2.1\org.springframework.boot\spring-boot\2.0.0.RELEASE\771da2071ff14a47f108642a641c204ae4ef7b15\spring-boot-2.0.0.RELEASE.jar;D:\GRADLE_USER_HOME\caches\modules-2\files-2.1\org.glassfish.hk2\spring-bridge\2.5.0-b42\7cedc63a9079e87b5a2685c054e61cfce8c44837\spring-bridge-2.5.0-b42.jar;D:\GRADLE_USER_HOME\caches\modules-2\files-2.1\org.springframework\spring-context\5.0.4.RELEASE\3e76d08c851113077642c5704f0f94d5ce58e905\spring-context-5.0.4.RELEASE.jar;D:\GRADLE_USER_HOME\caches\modules-2\files-2.1\org.springframework\spring-aop\5.0.4.RELEASE\f8e029e54c0267dadb6b9f713f3feb54ec4f3a0e\spring-aop-5.0.4.RELEASE.jar;D:\GRADLE_USER_HOME\caches\modules-2\files-2.1\org.springframework\spring-orm\5.0.4.RELEASE\dc83e08ecdb4ab28339f87358b53d75b4a8d1b9\spring-orm-5.0.4.RELEASE.jar;D:\GRADLE_USER_HOME\caches\modules-2\files-2.1\org.springframework\spring-jdbc\5.0.4.RELEASE\6b5ac0db11d81d6319ebd0bb253b2f01713df3ab\spring-jdbc-5.0.4.RELEASE.jar;D:\GRADLE_USER_HOME\caches\modules-2\files-2.1\org.springframework.data\spring-data-commons\2.0.5.RELEASE\f5357c650f63f3a187d3d4086a9e9132f33851a6\spring-data-commons-2.0.5.RELEASE.jar;D:\GRADLE_USER_HOME\caches\modules-2\files-2.1\org.springframework\spring-tx\5.0.4.RELEASE\7afc193c5d2b812ee6d2ccaf6fcc81fb83bfb4a7\spring-tx-5.0.4.RELEASE.jar;D:\GRADLE_USER_HOME\caches\modules-2\files-2.1\org.springframework\spring-beans\5.0.4.RELEASE\7a8c3d48d4c33621e64d1399721d8e067450fcbd\spring-beans-5.0.4.RELEASE.jar;D:\GRADLE_USER_HOME\caches\modules-2\files-2.1\org.springframework\spring-expression\5.0.4.RELEASE\4bda161f2e34c1486f2527a23eb47293567f473c\spring-expression-5.0.4.RELEASE.jar;D:\GRADLE_USER_HOME\caches\modules-2\files-2.1\org.springframework\spring-core\5.0.4.RELEASE\2221a957b5561a34f044350ba4e30ef5870254a3\spring-core-5.0.4.RELEASE.jar;D:\GRADLE_USER_HOME\caches\modules-2\files-2.1\org.xmlunit\xmlunit-core\2.5.1\4ffdb346572a7356f7521cd3119ce5287d2e339d\xmlunit-core-2.5.1.jar;D:\GRADLE_USER_HOME\caches\modules-2\files-2.1\org.springframework.boot\spring-boot-starter-logging\2.0.0.RELEASE\fe939b71659ef1f98a53cce0b5bcf771685cf6a6\spring-boot-starter-logging-2.0.0.RELEASE.jar;D:\GRADLE_USER_HOME\caches\modules-2\files-2.1\org.glassfish.jersey.core\jersey-client\2.26\125b8d1040d121a5dc4ce6858e21a6160bed7afa\jersey-client-2.26.jar;D:\GRADLE_USER_HOME\caches\modules-2\files-2.1\org.glassfish.jersey.media\jersey-media-jaxb\2.26\791397ceb5d1c8f389664b1de3e4208c2ac1015b\jersey-media-jaxb-2.26.jar;D:\GRADLE_USER_HOME\caches\modules-2\files-2.1\org.glassfish.jersey.inject\jersey-hk2\2.26\df27f7d7577acf4b532684448021632098924dab\jersey-hk2-2.26.jar;D:\GRADLE_USER_HOME\caches\modules-2\files-2.1\org.glassfish.jersey.core\jersey-common\2.26\d96475745c5e72cafcbc4dc9e2e725f4d9683f21\jersey-common-2.26.jar;D:\GRADLE_USER_HOME\caches\modules-2\files-2.1\org.glassfish.hk2\hk2\2.5.0-b42\adc396d57e9cada50f57d32cdabaf31a20a758d\hk2-2.5.0-b42.jar;D:\GRADLE_USER_HOME\caches\modules-2\files-2.1\org.glassfish.hk2\config-types\2.5.0-b42\3e927a0624955d10bec3eb5424a1e6ca3d5f92ae\config-types-2.5.0-b42.jar;D:\GRADLE_USER_HOME\caches\modules-2\files-2.1\org.glassfish.hk2\hk2-config\2.5.0-b42\de522871d987e2bf502753c807461f9ee805f6bd\hk2-config-2.5.0-b42.jar;D:\GRADLE_USER_HOME\caches\modules-2\files-2.1\org.glassfish.hk2\hk2-core\2.5.0-b42\7a4954663f1b65b1938fd275b34bbf1e23965381\hk2-core-2.5.0-b42.jar;D:\GRADLE_USER_HOME\caches\modules-2\files-2.1\org.glassfish.hk2\hk2-runlevel\2.5.0-b42\6502d8997ac961f0d2d16d90e838d25626c1a37b\hk2-runlevel-2.5.0-b42.jar;D:\GRADLE_USER_HOME\caches\modules-2\files-2.1\org.glassfish.hk2\hk2-locator\2.5.0-b42\9d6edc0cb226401a8316e67d81bfc37cb626ef91\hk2-locator-2.5.0-b42.jar;D:\GRADLE_USER_HOME\caches\modules-2\files-2.1\org.glassfish.hk2\hk2-api\2.5.0-b42\7fd4e3d0f2cb37c80ad0dedee3f5ee69503eaf52\hk2-api-2.5.0-b42.jar;D:\GRADLE_USER_HOME\caches\modules-2\files-2.1\org.glassfish.hk2\hk2-utils\2.5.0-b42\102a344e1728825e865a8986d7605602aba3c3b6\hk2-utils-2.5.0-b42.jar;D:\GRADLE_USER_HOME\caches\modules-2\files-2.1\javax.annotation\javax.annotation-api\1.3.2\934c04d3cfef185a8008e7bf34331b79730a9d43\javax.annotation-api-1.3.2.jar;D:\GRADLE_USER_HOME\caches\modules-2\files-2.1\org.yaml\snakeyaml\1.19\2d998d3d674b172a588e54ab619854d073f555b5\snakeyaml-1.19.jar;D:\GRADLE_USER_HOME\caches\modules-2\files-2.1\com.fasterxml.jackson.datatype\jackson-datatype-jsr310\2.9.4\12d52679a6615c7972ea25bd8ebb60b191fe79b7\jackson-datatype-jsr310-2.9.4.jar;D:\GRADLE_USER_HOME\caches\modules-2\files-2.1\com.fasterxml.jackson.datatype\jackson-datatype-jdk8\2.9.4\63ac052d52a70a15820d3dc07ea757826fd51d40\jackson-datatype-jdk8-2.9.4.jar;D:\GRADLE_USER_HOME\caches\modules-2\files-2.1\com.fasterxml.jackson.module\jackson-module-parameter-names\2.9.4\5833c819877c3e85bad847f4d2fa4e70379217c6\jackson-module-parameter-names-2.9.4.jar;D:\GRADLE_USER_HOME\caches\modules-2\files-2.1\com.fasterxml.jackson.module\jackson-module-jaxb-annotations\2.9.4\c2c8d1fba9a00a1805dc98992822ed01543b111b\jackson-module-jaxb-annotations-2.9.4.jar;D:\GRADLE_USER_HOME\caches\modules-2\files-2.1\com.fasterxml.jackson.core\jackson-databind\2.9.4\498bbc3b94f566982c7f7c6d4d303fce365529be\jackson-databind-2.9.4.jar;D:\GRADLE_USER_HOME\caches\modules-2\files-2.1\org.hdrhistogram\HdrHistogram\2.1.10\9e1ac84eed220281841b75e72fb9de5a297fbf04\HdrHistogram-2.1.10.jar;D:\GRADLE_USER_HOME\caches\modules-2\files-2.1\org.latencyutils\LatencyUtils\2.0.3\769c0b82cb2421c8256300e907298a9410a2a3d3\LatencyUtils-2.0.3.jar;D:\GRADLE_USER_HOME\caches\modules-2\files-2.1\org.aspectj\aspectjweaver\1.8.13\ad94df2a28d658a40dc27bbaff6a1ce5fbf04e9b\aspectjweaver-1.8.13.jar;D:\GRADLE_USER_HOME\caches\modules-2\files-2.1\com.zaxxer\HikariCP\2.7.8\4a3a604fa2efa89621aa498d04e000b2bed90c39\HikariCP-2.7.8.jar;D:\GRADLE_USER_HOME\caches\modules-2\files-2.1\org.hibernate.common\hibernate-commons-annotations\5.0.1.Final\71e1cff3fcb20d3b3af4f3363c3ddb24d33c6879\hibernate-commons-annotations-5.0.1.Final.jar;D:\GRADLE_USER_HOME\caches\modules-2\files-2.1\org.jboss.logging\jboss-logging\3.3.2.Final\3789d00e859632e6c6206adc0c71625559e6e3b0\jboss-logging-3.3.2.Final.jar;D:\GRADLE_USER_HOME\caches\modules-2\files-2.1\org.hibernate.javax.persistence\hibernate-jpa-2.1-api\1.0.0.Final\5e731d961297e5a07290bfaf3db1fbc8bbbf405a\hibernate-jpa-2.1-api-1.0.0.Final.jar;D:\GRADLE_USER_HOME\caches\modules-2\files-2.1\org.javassist\javassist\3.22.0-GA\3e83394258ae2089be7219b971ec21a8288528ad\javassist-3.22.0-GA.jar;D:\GRADLE_USER_HOME\caches\modules-2\files-2.1\antlr\antlr\2.7.7\83cd2cd674a217ade95a4bb83a8a14f351f48bd0\antlr-2.7.7.jar;D:\GRADLE_USER_HOME\caches\modules-2\files-2.1\org.jboss\jandex\2.0.3.Final\bfc4d6257dbff7a33a357f0de116be6ff951d849\jandex-2.0.3.Final.jar;D:\GRADLE_USER_HOME\caches\modules-2\files-2.1\com.fasterxml\classmate\1.3.4\3d5f48f10bbe4eb7bd862f10c0583be2e0053c6\classmate-1.3.4.jar;D:\GRADLE_USER_HOME\caches\modules-2\files-2.1\dom4j\dom4j\1.6.1\5d3ccc056b6f056dbf0dddfdf43894b9065a8f94\dom4j-1.6.1.jar;D:\GRADLE_USER_HOME\caches\modules-2\files-2.1\org.thymeleaf\thymeleaf\3.0.9.RELEASE\64185cca50ac808ad034841c84b4013f955465d2\thymeleaf-3.0.9.RELEASE.jar;D:\GRADLE_USER_HOME\caches\modules-2\files-2.1\ch.qos.logback\logback-classic\1.2.3\7c4f3c474fb2c041d8028740440937705ebb473a\logback-classic-1.2.3.jar;D:\GRADLE_USER_HOME\caches\modules-2\files-2.1\org.apache.logging.log4j\log4j-to-slf4j\2.10.0\f7e631ccf49cfc0aefa4a2a728da7d374c05bd3c\log4j-to-slf4j-2.10.0.jar;D:\GRADLE_USER_HOME\caches\modules-2\files-2.1\org.slf4j\jul-to-slf4j\1.7.25\af5364cd6679bfffb114f0dec8a157aaa283b76\jul-to-slf4j-1.7.25.jar;D:\GRADLE_USER_HOME\caches\modules-2\files-2.1\org.slf4j\slf4j-api\1.7.25\da76ca59f6a57ee3102f8f9bd9cee742973efa8a\slf4j-api-1.7.25.jar;D:\GRADLE_USER_HOME\caches\modules-2\files-2.1\org.apache.tomcat.embed\tomcat-embed-websocket\8.5.28\8a5a48740dd80cad644ceb541e77fd8e0809e3b7\tomcat-embed-websocket-8.5.28.jar;D:\GRADLE_USER_HOME\caches\modules-2\files-2.1\org.apache.tomcat.embed\tomcat-embed-core\8.5.28\b684c98cf77c6528079c4e59fc1feeb218bf82f1\tomcat-embed-core-8.5.28.jar;D:\GRADLE_USER_HOME\caches\modules-2\files-2.1\org.apache.tomcat.embed\tomcat-embed-el\8.5.28\75745598f60646ccf0c4b105468a9c8be9b8432e\tomcat-embed-el-8.5.28.jar;D:\GRADLE_USER_HOME\caches\modules-2\files-2.1\org.glassfish.jersey.ext\jersey-entity-filtering\2.26\a8ea15c9cd0bd8b090dbbf0f0e43aa39604f3433\jersey-entity-filtering-2.26.jar;D:\GRADLE_USER_HOME\caches\modules-2\files-2.1\javax.ws.rs\javax.ws.rs-api\2.1\426a0862406536e690c7caa8bb6ed32191986fac\javax.ws.rs-api-2.1.jar;D:\GRADLE_USER_HOME\caches\modules-2\files-2.1\javax.validation\validation-api\2.0.1.Final\cb855558e6271b1b32e716d24cb85c7f583ce09e\validation-api-2.0.1.Final.jar;D:\GRADLE_USER_HOME\caches\modules-2\files-2.1\com.fasterxml.jackson.core\jackson-annotations\2.9.0\7c10d545325e3a6e72e06381afe469fd40eb701\jackson-annotations-2.9.0.jar;D:\GRADLE_USER_HOME\caches\modules-2\files-2.1\net.minidev\json-smart\2.3\7396407491352ce4fa30de92efb158adb76b5b\json-smart-2.3.jar;D:\GRADLE_USER_HOME\caches\modules-2\files-2.1\net.bytebuddy\byte-buddy\1.7.10\3c8ec287c0a5bd04b1e3f11723bc46a50346602b\byte-buddy-1.7.10.jar;D:\GRADLE_USER_HOME\caches\modules-2\files-2.1\net.bytebuddy\byte-buddy-agent\1.7.10\9b092a8fb9112b89f6cb23fc929cfb931b14007b\byte-buddy-agent-1.7.10.jar;D:\GRADLE_USER_HOME\caches\modules-2\files-2.1\org.objenesis\objenesis\2.6\639033469776fd37c08358c6b92a4761feb2af4b\objenesis-2.6.jar;D:\GRADLE_USER_HOME\caches\modules-2\files-2.1\com.vaadin.external.google\android-json\0.0.20131108.vaadin1\fa26d351fe62a6a17f5cda1287c1c6110dec413f\android-json-0.0.20131108.vaadin1.jar;D:\GRADLE_USER_HOME\caches\modules-2\files-2.1\org.springframework\spring-jcl\5.0.4.RELEASE\3053e2bad0a18571bdbb9596ce51f9d458f5934f\spring-jcl-5.0.4.RELEASE.jar;D:\GRADLE_USER_HOME\caches\modules-2\files-2.1\com.fasterxml.jackson.core\jackson-core\2.9.4\a9a71ec1aa37da47db168fede9a4a5fb5e374320\jackson-core-2.9.4.jar;D:\GRADLE_USER_HOME\caches\modules-2\files-2.1\org.glassfish.hk2\osgi-resource-locator\1.0.1\4ed2b2d4738aed5786cfa64cba5a332779c4c708\osgi-resource-locator-1.0.1.jar;D:\GRADLE_USER_HOME\caches\modules-2\files-2.1\org.glassfish.hk2\class-model\2.5.0-b42\a9824e8ed9748f3622394d6d32098cc1bb2a0ea1\class-model-2.5.0-b42.jar;D:\GRADLE_USER_HOME\caches\modules-2\files-2.1\org.attoparser\attoparser\2.0.4.RELEASE\5cf02c4d8303a81f0c80971bb1dcd40d3ba96009\attoparser-2.0.4.RELEASE.jar;D:\GRADLE_USER_HOME\caches\modules-2\files-2.1\org.unbescape\unbescape\1.1.5.RELEASE\46dc644ea9c234317d926ebac5bf5d8f114dc1ba\unbescape-1.1.5.RELEASE.jar;D:\GRADLE_USER_HOME\caches\modules-2\files-2.1\net.minidev\accessors-smart\1.2\c592b500269bfde36096641b01238a8350f8aa31\accessors-smart-1.2.jar;D:\GRADLE_USER_HOME\caches\modules-2\files-2.1\ch.qos.logback\logback-core\1.2.3\864344400c3d4d92dfeb0a305dc87d953677c03c\logback-core-1.2.3.jar;D:\GRADLE_USER_HOME\caches\modules-2\files-2.1\org.apache.logging.log4j\log4j-api\2.10.0\fec5797a55b786184a537abd39c3fa1449d752d6\log4j-api-2.10.0.jar;D:\GRADLE_USER_HOME\caches\modules-2\files-2.1\org.glassfish.hk2.external\aopalliance-repackaged\2.5.0-b42\e74beab6ca12e9e745eb47ca61729d9452b96f0c\aopalliance-repackaged-2.5.0-b42.jar;D:\GRADLE_USER_HOME\caches\modules-2\files-2.1\javax.inject\javax.inject\1\6975da39a7040257bd51d21a231b76c915872d38\javax.inject-1.jar;D:\GRADLE_USER_HOME\caches\modules-2\files-2.1\org.glassfish.hk2.external\asm-all-repackaged\2.5.0-b42\3afd5d4f63116e8c00b430f32092282e5e475ce8\asm-all-repackaged-2.5.0-b42.jar;D:\GRADLE_USER_HOME\caches\modules-2\files-2.1\org.ow2.asm\asm\5.0.4\da08b8cce7bbf903602a25a3a163ae252435795\asm-5.0.4.jar, user.name=stanwa, java.vm.specification.version=1.8, sun.java.command=worker.org.gradle.process.internal.worker.GradleWorkerMain 'Gradle Test Executor 1', java.home=C:\Program Files\Java\jdk1.8.0_121\jre, sun.arch.data.model=64, user.language=en, java.specification.vendor=Oracle Corporation, awt.toolkit=sun.awt.windows.WToolkit, java.vm.info=mixed mode, java.version=1.8.0_121, java.ext.dirs=C:\Program Files\Java\jdk1.8.0_121\jre\lib\ext;C:\Windows\Sun\Java\lib\ext, sun.boot.class.path=C:\Program Files\Java\jdk1.8.0_121\jre\lib\resources.jar;C:\Program Files\Java\jdk1.8.0_121\jre\lib\rt.jar;C:\Program Files\Java\jdk1.8.0_121\jre\lib\sunrsasign.jar;C:\Program Files\Java\jdk1.8.0_121\jre\lib\jsse.jar;C:\Program Files\Java\jdk1.8.0_121\jre\lib\jce.jar;C:\Program Files\Java\jdk1.8.0_121\jre\lib\charsets.jar;C:\Program Files\Java\jdk1.8.0_121\jre\lib\jfr.jar;C:\Program Files\Java\jdk1.8.0_121\jre\classes, java.vendor=Oracle Corporation, org.gradle.test.worker=1, file.separator=\, java.vendor.url.bug=http://bugreport.sun.com/bugreport/, sun.io.unicode.encoding=UnicodeLittle, sun.cpu.endian=little, sun.desktop=windows, sun.cpu.isalist=amd64}}, SystemEnvironmentPropertySource@987166574 {name='systemEnvironment', properties={PROCESSOR_LEVEL=6, FP_NO_HOST_CHECK=NO, M2=C:\apache-maven-2.2.1\bin, SESSIONNAME=Console, ALLUSERSPROFILE=C:\ProgramData, PROCESSOR_ARCHITECTURE=AMD64, PSModulePath=C:\Windows\system32\WindowsPowerShell\v1.0\Modules\;C:\Program Files (x86)\Microsoft SQL Server\110\Tools\PowerShell\Modules\, SystemDrive=C:, DIRNAME=D:\gradle-4.6\bin\, USERNAME=stanwa, USERDNSDOMAIN=SAPIENT.COM, CMD_LINE_ARGS=clean build, ProgramFiles(x86)=C:\Program Files (x86), APP_HOME=D:\gradle-4.6\bin\.., PATHEXT=.COM;.EXE;.BAT;.CMD;.VBS;.VBE;.JS;.JSE;.WSF;.WSH;.MSC, ProgramData=C:\ProgramData, ProgramW6432=C:\Program Files, HOMEPATH=\Users\stanwa, PROCESSOR_IDENTIFIER=Intel64 Family 6 Model 60 Stepping 3, GenuineIntel, M2_HOME=C:\apache-maven-2.2.1, ProgramFiles=C:\Program Files, PUBLIC=C:\Users\Public, windir=C:\Windows, =::=::\, _SKIP=2, LOCALAPPDATA=C:\Users\stanwa\AppData\Local, USERDOMAIN=SAPIENT, LOGONSERVER=\\DLUADS1, JAVA_HOME=C:\Program Files\Java\jdk1.8.0_121, PROMPT=$P$G, GRADLE_HOME=D:\gradle-4.6, MAVEN_OPTS=-Xms512m -Xmx1G -XX:MaxPermSize=512m, ANT_HOME=C:\apache-ant-1.9.3, APPDATA=C:\Users\stanwa\AppData\Roaming, GRADLE_USER_HOME=D:\GRADLE_USER_HOME, JAVA_EXE=C:\Program Files\Java\jdk1.8.0_121/bin/java.exe, CommonProgramFiles=C:\Program Files\Common Files, Path=d:\tibco5.11\tibrv\8.4\bin;D:\oracle\product\10.2.0\client_1\bin;C:\Windows\SYSTEM32;C:\Windows;C:\Windows\SYSTEM32\WBEM;C:\Windows\SYSTEM32\WINDOWSPOWERSHELL\V1.0\;c:\Program Files\Intel\WiFi\bin\;c:\Program Files\Common Files\Intel\WirelessCommon\;C:\Program Files (x86)\Microsoft SQL Server\110\Tools\Binn\;C:\Program Files\Microsoft SQL Server\110\Tools\Binn\;C:\Program Files\Microsoft SQL Server\110\DTS\Binn\;C:\Program Files\TortoiseSVN\bin;C:\Program Files\Git\cmd;C:\Program Files\TortoiseGit\bin;C:\Program Files\MySQL\MySQL Utilities 1.6\;C:\Program Files\Java\jdk1.8.0_121\bin;C:\Program Files\Intel\WiFi\bin\;C:\Program Files\Common Files\Intel\WirelessCommon\;C:\apache-maven-2.2.1\bin;C:\Program Files\TortoiseSVN\bin;C:\apache-ant-1.9.3\bin;D:\gradle-4.6\bin;C:\Users\stanwa\AppData\Local\Programs\Python\Python36\Scripts;C:\Users\stanwa\AppData\Local\Box\Box Edit\, OS=Windows_NT, COMPUTERNAME=DLUSTANWA60859, PROCESSOR_REVISION=3c03, CLASSPATH=D:\gradle-4.6\bin\..\lib\gradle-launcher-4.6.jar, CommonProgramW6432=C:\Program Files\Common Files, ComSpec=C:\Windows\system32\cmd.exe, UATDATA=C:\Windows\CCM\UATData\D9F8C395-CAB8-491d-B8AC-179A1FE1BE77, APP_BASE_NAME=gradle, =D:=D:\AESO_GIT_REPO\HackathonCode\TransmissionLineService_gitHub\transmissionlineservice, SystemRoot=C:\Windows, TEMP=C:\Users\stanwa\AppData\Local\Temp, HOMEDRIVE=C:, USERPROFILE=C:\Users\stanwa, TMP=C:\Users\stanwa\AppData\Local\Temp, CommonProgramFiles(x86)=C:\Program Files (x86)\Common Files, NUMBER_OF_PROCESSORS=4}}]
18:01:39.595 [Test worker] DEBUG org.springframework.test.context.support.TestPropertySourceUtils - Adding inlined properties to environment: {spring.jmx.enabled=false, org.springframework.boot.test.context.SpringBootTestContextBootstrapper=true, server.port=-1}
18:01:39.595 [Test worker] DEBUG org.springframework.core.env.StandardEnvironment - Adding PropertySource 'Inlined Test Properties' with highest search precedence

  .   ____          _            __ _ _
 /\\ / ___'_ __ _ _(_)_ __  __ _ \ \ \ \
( ( )\___ | '_ | '_| | '_ \/ _` | \ \ \ \
 \\/  ___)| |_)| | | | | || (_| |  ) ) ) )
  '  |____| .__|_| |_|_| |_\__, | / / / /
 =========|_|==============|___/=/_/_/_/
 :: Spring Boot ::        (v2.0.0.RELEASE)

2018-04-06 18:01:39.987 DEBUG 9316 --- [    Test worker] o.s.w.c.s.StandardServletEnvironment     : Adding PropertySource 'servletConfigInitParams' with lowest search precedence
2018-04-06 18:01:39.988 DEBUG 9316 --- [    Test worker] o.s.w.c.s.StandardServletEnvironment     : Adding PropertySource 'servletContextInitParams' with lowest search precedence
2018-04-06 18:01:39.991 DEBUG 9316 --- [    Test worker] o.s.w.c.s.StandardServletEnvironment     : Adding PropertySource 'systemProperties' with lowest search precedence
2018-04-06 18:01:39.991 DEBUG 9316 --- [    Test worker] o.s.w.c.s.StandardServletEnvironment     : Adding PropertySource 'systemEnvironment' with lowest search precedence
2018-04-06 18:01:39.991 DEBUG 9316 --- [    Test worker] o.s.w.c.s.StandardServletEnvironment     : Initialized StandardServletEnvironment with PropertySources [StubPropertySource {name='servletConfigInitParams'}, StubPropertySource {name='servletContextInitParams'}, MapPropertySource {name='systemProperties'}, SystemEnvironmentPropertySource {name='systemEnvironment'}]
2018-04-06 18:01:40.011  INFO 9316 --- [    Test worker] .TransmissionLineServiceApplicationTests : Starting TransmissionLineServiceApplicationTests on dlustanwa60859 with PID 9316 (started by stanwa in D:\AESO_GIT_REPO\HackathonCode\TransmissionLineService_gitHub\transmissionlineservice)
2018-04-06 18:01:40.012  INFO 9316 --- [    Test worker] .TransmissionLineServiceApplicationTests : No active profile set, falling back to default profiles: default
2018-04-06 18:01:40.046  INFO 9316 --- [    Test worker] o.s.w.c.s.GenericWebApplicationContext   : Refreshing org.springframework.web.context.support.GenericWebApplicationContext@132832e3: startup date [Fri Apr 06 18:01:40 IST 2018]; root of context hierarchy
2018-04-06 18:01:40.046 DEBUG 9316 --- [    Test worker] o.s.w.c.s.GenericWebApplicationContext   : Bean factory for org.springframework.web.context.support.GenericWebApplicationContext@132832e3: org.springframework.beans.factory.support.DefaultListableBeanFactory@6e30f04d: defining beans [org.springframework.boot.test.mock.mockito.MockitoPostProcessor$SpyPostProcessor,org.springframework.boot.test.mock.mockito.MockitoPostProcessor,org.springframework.context.annotation.internalConfigurationAnnotationProcessor,org.springframework.context.annotation.internalAutowiredAnnotationProcessor,org.springframework.context.annotation.internalRequiredAnnotationProcessor,org.springframework.context.annotation.internalCommonAnnotationProcessor,org.springframework.context.annotation.internalPersistenceAnnotationProcessor,org.springframework.context.event.internalEventListenerProcessor,org.springframework.context.event.internalEventListenerFactory,transmissionLineServiceApplication]; root of factory hierarchy
2018-04-06 18:01:41.715  INFO 9316 --- [    Test worker] f.a.AutowiredAnnotationBeanPostProcessor : JSR-330 'javax.inject.Inject' annotation found and supported for autowiring
2018-04-06 18:01:41.906  INFO 9316 --- [    Test worker] trationDelegate$BeanPostProcessorChecker : Bean 'org.springframework.transaction.annotation.ProxyTransactionManagementConfiguration' of type [org.springframework.transaction.annotation.ProxyTransactionManagementConfiguration$$EnhancerBySpringCGLIB$$12839a74] is not eligible for getting processed by all BeanPostProcessors (for example: not eligible for auto-proxying)
2018-04-06 18:01:41.962 DEBUG 9316 --- [    Test worker] o.s.w.c.s.GenericWebApplicationContext   : Unable to locate MessageSource with name 'messageSource': using default [org.springframework.context.support.DelegatingMessageSource@363ea568]
2018-04-06 18:01:41.963 DEBUG 9316 --- [    Test worker] o.s.w.c.s.GenericWebApplicationContext   : Unable to locate ApplicationEventMulticaster with name 'applicationEventMulticaster': using default [org.springframework.context.event.SimpleApplicationEventMulticaster@10ebce8f]
2018-04-06 18:01:42.393  INFO 9316 --- [    Test worker] com.zaxxer.hikari.HikariDataSource       : HikariPool-1 - Starting...
2018-04-06 18:01:42.570  INFO 9316 --- [    Test worker] com.zaxxer.hikari.HikariDataSource       : HikariPool-1 - Start completed.
2018-04-06 18:01:42.633  INFO 9316 --- [    Test worker] j.LocalContainerEntityManagerFactoryBean : Building JPA container EntityManagerFactory for persistence unit 'default'
2018-04-06 18:01:43.492 DEBUG 9316 --- [    Test worker] org.hibernate.SQL                        : drop table generation if exists
2018-04-06 18:01:43.494 DEBUG 9316 --- [    Test worker] org.hibernate.SQL                        : drop table transmission_line if exists
2018-04-06 18:01:43.497 DEBUG 9316 --- [    Test worker] org.hibernate.SQL                        : create table generation (id bigint generated by default as identity, generation_level decimal(19,2) not null, name varchar(255) not null, transmission_line_id bigint not null, primary key (id))
2018-04-06 18:01:43.503 DEBUG 9316 --- [    Test worker] org.hibernate.SQL                        : create table transmission_line (id bigint generated by default as identity, capacity integer not null, name varchar(255) not null, primary key (id))
2018-04-06 18:01:43.505 DEBUG 9316 --- [    Test worker] org.hibernate.SQL                        : alter table generation add constraint FK7n77oht4eqxt8kkln2640nno8 foreign key (transmission_line_id) references transmission_line
2018-04-06 18:01:43.515 DEBUG 9316 --- [    Test worker] org.hibernate.SQL                        : insert into transmission_line(name,capacity) values ('TestLine1',50)
2018-04-06 18:01:43.517 DEBUG 9316 --- [    Test worker] org.hibernate.SQL                        : insert into generation(name, generation_level, transmission_line_id) values ('KH1', 10.0, 1)
2018-04-06 18:01:43.519 DEBUG 9316 --- [    Test worker] org.hibernate.SQL                        : insert into generation(name, generation_level, transmission_line_id) values ('KH2', 20.0, 1)
2018-04-06 18:01:43.523  INFO 9316 --- [    Test worker] j.LocalContainerEntityManagerFactoryBean : Initialized JPA EntityManagerFactory for persistence unit 'default'
2018-04-06 18:01:44.809  INFO 9316 --- [    Test worker] s.w.s.m.m.a.RequestMappingHandlerAdapter : Looking for @ControllerAdvice: org.springframework.web.context.support.GenericWebApplicationContext@132832e3: startup date [Fri Apr 06 18:01:40 IST 2018]; root of context hierarchy
2018-04-06 18:01:44.864  WARN 9316 --- [    Test worker] aWebConfiguration$JpaWebMvcConfiguration : spring.jpa.open-in-view is enabled by default. Therefore, database queries may be performed during view rendering. Explicitly configure spring.jpa.open-in-view to disable this warning
2018-04-06 18:01:44.893 DEBUG 9316 --- [    Test worker] s.w.s.m.m.a.RequestMappingHandlerMapping : Looking for request mappings in application context: org.springframework.web.context.support.GenericWebApplicationContext@132832e3: startup date [Fri Apr 06 18:01:40 IST 2018]; root of context hierarchy
2018-04-06 18:01:44.902 DEBUG 9316 --- [    Test worker] s.w.s.m.m.a.RequestMappingHandlerMapping : 11 request handler methods found on class com.hack.TransmissionLineService.web.SampleController: {public org.springframework.http.ResponseEntity com.hack.TransmissionLineService.web.SampleController.update(com.hack.TransmissionLineService.domain.TransmissionLine)={[/lines/{line}/update],methods=[POST]}, public org.springframework.http.ResponseEntity com.hack.TransmissionLineService.web.SampleController.update(java.lang.String,com.hack.TransmissionLineService.domain.Generation)={[/lines/generation/update],methods=[POST]}, public com.hack.TransmissionLineService.Event com.hack.TransmissionLineService.web.SampleController.getAction()={[/action],methods=[GET]}, public int com.hack.TransmissionLineService.web.SampleController.generationLevelsforLineandGenUnit(java.lang.String,java.lang.String)={[/lines/{line}/{generationUnit}],methods=[GET]}, public java.lang.String com.hack.TransmissionLineService.web.SampleController.transmissionLineName(java.lang.String)={[/lines/{line}],methods=[GET]}, public java.util.Set com.hack.TransmissionLineService.web.SampleController.generationLevelsforLine(java.lang.String)={[/lines/{line}/generations],methods=[GET]}, public com.hack.TransmissionLineService.SMP com.hack.TransmissionLineService.web.SampleController.getSMP()={[/smp],methods=[GET]}, public com.hack.TransmissionLineService.PoolPrice com.hack.TransmissionLineService.web.SampleController.getPoolPrice()={[/poolprice],methods=[GET]}, public void com.hack.TransmissionLineService.web.SampleController.postAction(com.hack.TransmissionLineService.SMP)={[/smp/update],methods=[POST]}, public com.hack.TransmissionLineService.PoolPrice com.hack.TransmissionLineService.web.SampleController.postAction(com.hack.TransmissionLineService.PoolPrice)={[/poolprice/update],methods=[POST]}, public void com.hack.TransmissionLineService.web.SampleController.postAction(com.hack.TransmissionLineService.Event)={[/action/fire],methods=[POST]}}
2018-04-06 18:01:44.903  INFO 9316 --- [    Test worker] s.w.s.m.m.a.RequestMappingHandlerMapping : Mapped "{[/lines/{line}/update],methods=[POST]}" onto public org.springframework.http.ResponseEntity<com.hack.TransmissionLineService.domain.TransmissionLine> com.hack.TransmissionLineService.web.SampleController.update(com.hack.TransmissionLineService.domain.TransmissionLine)
2018-04-06 18:01:44.904  INFO 9316 --- [    Test worker] s.w.s.m.m.a.RequestMappingHandlerMapping : Mapped "{[/lines/generation/update],methods=[POST]}" onto public org.springframework.http.ResponseEntity<com.hack.TransmissionLineService.domain.TransmissionLine> com.hack.TransmissionLineService.web.SampleController.update(java.lang.String,com.hack.TransmissionLineService.domain.Generation)
2018-04-06 18:01:44.904  INFO 9316 --- [    Test worker] s.w.s.m.m.a.RequestMappingHandlerMapping : Mapped "{[/action],methods=[GET]}" onto public com.hack.TransmissionLineService.Event com.hack.TransmissionLineService.web.SampleController.getAction()
2018-04-06 18:01:44.905  INFO 9316 --- [    Test worker] s.w.s.m.m.a.RequestMappingHandlerMapping : Mapped "{[/lines/{line}/{generationUnit}],methods=[GET]}" onto public int com.hack.TransmissionLineService.web.SampleController.generationLevelsforLineandGenUnit(java.lang.String,java.lang.String)
2018-04-06 18:01:44.905  INFO 9316 --- [    Test worker] s.w.s.m.m.a.RequestMappingHandlerMapping : Mapped "{[/lines/{line}],methods=[GET]}" onto public java.lang.String com.hack.TransmissionLineService.web.SampleController.transmissionLineName(java.lang.String)
2018-04-06 18:01:44.906  INFO 9316 --- [    Test worker] s.w.s.m.m.a.RequestMappingHandlerMapping : Mapped "{[/lines/{line}/generations],methods=[GET]}" onto public java.util.Set<com.hack.TransmissionLineService.domain.Generation> com.hack.TransmissionLineService.web.SampleController.generationLevelsforLine(java.lang.String)
2018-04-06 18:01:44.906  INFO 9316 --- [    Test worker] s.w.s.m.m.a.RequestMappingHandlerMapping : Mapped "{[/smp],methods=[GET]}" onto public com.hack.TransmissionLineService.SMP com.hack.TransmissionLineService.web.SampleController.getSMP()
2018-04-06 18:01:44.906  INFO 9316 --- [    Test worker] s.w.s.m.m.a.RequestMappingHandlerMapping : Mapped "{[/poolprice],methods=[GET]}" onto public com.hack.TransmissionLineService.PoolPrice com.hack.TransmissionLineService.web.SampleController.getPoolPrice()
2018-04-06 18:01:44.907  INFO 9316 --- [    Test worker] s.w.s.m.m.a.RequestMappingHandlerMapping : Mapped "{[/smp/update],methods=[POST]}" onto public void com.hack.TransmissionLineService.web.SampleController.postAction(com.hack.TransmissionLineService.SMP)
2018-04-06 18:01:44.907  INFO 9316 --- [    Test worker] s.w.s.m.m.a.RequestMappingHandlerMapping : Mapped "{[/poolprice/update],methods=[POST]}" onto public com.hack.TransmissionLineService.PoolPrice com.hack.TransmissionLineService.web.SampleController.postAction(com.hack.TransmissionLineService.PoolPrice)
2018-04-06 18:01:44.907  INFO 9316 --- [    Test worker] s.w.s.m.m.a.RequestMappingHandlerMapping : Mapped "{[/action/fire],methods=[POST]}" onto public void com.hack.TransmissionLineService.web.SampleController.postAction(com.hack.TransmissionLineService.Event)
2018-04-06 18:01:44.912 DEBUG 9316 --- [    Test worker] s.w.s.m.m.a.RequestMappingHandlerMapping : 2 request handler methods found on class org.springframework.boot.autoconfigure.web.servlet.error.BasicErrorController: {public org.springframework.http.ResponseEntity org.springframework.boot.autoconfigure.web.servlet.error.BasicErrorController.error(javax.servlet.http.HttpServletRequest)={[/error]}, public org.springframework.web.servlet.ModelAndView org.springframework.boot.autoconfigure.web.servlet.error.BasicErrorController.errorHtml(javax.servlet.http.HttpServletRequest,javax.servlet.http.HttpServletResponse)={[/error],produces=[text/html]}}
2018-04-06 18:01:44.913  INFO 9316 --- [    Test worker] s.w.s.m.m.a.RequestMappingHandlerMapping : Mapped "{[/error]}" onto public org.springframework.http.ResponseEntity<java.util.Map<java.lang.String, java.lang.Object>> org.springframework.boot.autoconfigure.web.servlet.error.BasicErrorController.error(javax.servlet.http.HttpServletRequest)
[...]
2018-04-06 18:01:44.987 DEBUG 9316 --- [    Test worker] o.s.w.s.h.BeanNameUrlHandlerMapping      : Rejected bean name 'jacksonGeoModule': no URL paths identified
2018-04-06 18:01:44.987 DEBUG 9316 --- [    Test worker] o.s.w.s.h.BeanNameUrlHandlerMapping      : Rejected bean name 'org.springframework.boot.autoconfigure.data.web.SpringDataWebAutoConfiguration': no URL paths identified
2018-04-06 18:01:44.987 DEBUG 9316 --- [    Test worker] o.s.w.s.h.BeanNameUrlHandlerMapping      : Rejected bean name 'pageableCustomizer': no URL paths identified
2018-04-06 18:01:44.988 DEBUG 9316 --- [    Test worker] o.s.w.s.h.BeanNameUrlHandlerMapping      : Rejected bean name 'sortCustomizer': no URL paths identified
2018-04-06 18:01:44.991 DEBUG 9316 --- [    Test worker] o.s.w.s.h.BeanNameUrlHandlerMapping      : Rejected bean name 'spring.data.web-org.springframework.boot.autoconfigure.data.web.SpringDataWebProperties': no URL paths identified
2018-04-06 18:01:44.991 DEBUG 9316 --- [    Test worker] o.s.w.s.h.BeanNameUrlHandlerMapping      : Rejected bean name 'org.springframework.boot.autoconfigure.h2.H2ConsoleAutoConfiguration': no URL paths identified
2018-04-06 18:01:44.991 DEBUG 9316 --- [    Test worker] o.s.w.s.h.BeanNameUrlHandlerMapping      : Rejected bean name 'h2Console': no URL paths identified
2018-04-06 18:01:44.993 DEBUG 9316 --- [    Test worker] o.s.w.s.h.BeanNameUrlHandlerMapping      : Rejected bean name 'spring.h2.console-org.springframework.boot.autoconfigure.h2.H2ConsoleProperties': no URL paths identified
2018-04-06 18:01:44.993 DEBUG 9316 --- [    Test worker] o.s.w.s.h.BeanNameUrlHandlerMapping      : Rejected bean name 'org.springframework.boot.autoconfigure.jdbc.DataSourceTransactionManagerAutoConfiguration$DataSourceTransactionManagerConfiguration': no URL paths identified
2018-04-06 18:01:44.996 DEBUG 9316 --- [    Test worker] o.s.w.s.h.BeanNameUrlHandlerMapping      : Rejected bean name 'org.springframework.boot.autoconfigure.jdbc.DataSourceTransactionManagerAutoConfiguration': no URL paths identified
2018-04-06 18:01:44.996 DEBUG 9316 --- [    Test worker] o.s.w.s.h.BeanNameUrlHandlerMapping      : Rejected bean name 'org.springframework.transaction.annotation.ProxyTransactionManagementConfiguration': no URL paths identified
2018-04-06 18:01:44.996 DEBUG 9316 --- [    Test worker] o.s.w.s.h.BeanNameUrlHandlerMapping      : Rejected bean name 'org.springframework.transaction.config.internalTransactionAdvisor': no URL paths identified
2018-04-06 18:01:44.996 DEBUG 9316 --- [    Test worker] o.s.w.s.h.BeanNameUrlHandlerMapping      : Rejected bean name 'transactionAttributeSource': no URL paths identified
2018-04-06 18:01:44.996 DEBUG 9316 --- [    Test worker] o.s.w.s.h.BeanNameUrlHandlerMapping      : Rejected bean name 'transactionInterceptor': no URL paths identified
2018-04-06 18:01:44.996 DEBUG 9316 --- [    Test worker] o.s.w.s.h.BeanNameUrlHandlerMapping      : Rejected bean name 'org.springframework.transaction.config.internalTransactionalEventListenerFactory': no URL paths identified
2018-04-06 18:01:44.997 DEBUG 9316 --- [    Test worker] o.s.w.s.h.BeanNameUrlHandlerMapping      : Rejected bean name 'org.springframework.boot.autoconfigure.transaction.TransactionAutoConfiguration$EnableTransactionManagementConfiguration$CglibAutoProxyConfiguration': no URL paths identified
2018-04-06 18:01:44.997 DEBUG 9316 --- [    Test worker] o.s.w.s.h.BeanNameUrlHandlerMapping      : Rejected bean name 'org.springframework.boot.autoconfigure.transaction.TransactionAutoConfiguration$EnableTransactionManagementConfiguration': no URL paths identified
2018-04-06 18:01:44.998 DEBUG 9316 --- [    Test worker] o.s.w.s.h.BeanNameUrlHandlerMapping      : Rejected bean name 'org.springframework.boot.autoconfigure.transaction.TransactionAutoConfiguration$TransactionTemplateConfiguration': no URL paths identified
2018-04-06 18:01:44.998 DEBUG 9316 --- [    Test worker] o.s.w.s.h.BeanNameUrlHandlerMapping      : Rejected bean name 'transactionTemplate': no URL paths identified
2018-04-06 18:01:44.998 DEBUG 9316 --- [    Test worker] o.s.w.s.h.BeanNameUrlHandlerMapping      : Rejected bean name 'org.springframework.boot.autoconfigure.transaction.TransactionAutoConfiguration': no URL paths identified
2018-04-06 18:01:44.999 DEBUG 9316 --- [    Test worker] o.s.w.s.h.BeanNameUrlHandlerMapping      : Rejected bean name 'platformTransactionManagerCustomizers': no URL paths identified
2018-04-06 18:01:45.000 DEBUG 9316 --- [    Test worker] o.s.w.s.h.BeanNameUrlHandlerMapping      : Rejected bean name 'spring.transaction-org.springframework.boot.autoconfigure.transaction.TransactionProperties': no URL paths identified
2018-04-06 18:01:45.000 DEBUG 9316 --- [    Test worker] o.s.w.s.h.BeanNameUrlHandlerMapping      : Rejected bean name 'org.springframework.boot.autoconfigure.security.reactive.ReactiveSecurityAutoConfiguration': no URL paths identified
2018-04-06 18:01:45.000 DEBUG 9316 --- [    Test worker] o.s.w.s.h.BeanNameUrlHandlerMapping      : Rejected bean name 'spring.security-org.springframework.boot.autoconfigure.security.SecurityProperties': no URL paths identified
2018-04-06 18:01:45.000 DEBUG 9316 --- [    Test worker] o.s.w.s.h.BeanNameUrlHandlerMapping      : Rejected bean name 'org.springframework.boot.autoconfigure.thymeleaf.ThymeleafAutoConfiguration$ThymeleafJava8TimeDialect': no URL paths identified
2018-04-06 18:01:45.000 DEBUG 9316 --- [    Test worker] o.s.w.s.h.BeanNameUrlHandlerMapping      : Rejected bean name 'java8TimeDialect': no URL paths identified
2018-04-06 18:01:45.001 DEBUG 9316 --- [    Test worker] o.s.w.s.h.BeanNameUrlHandlerMapping      : Rejected bean name 'org.springframework.boot.autoconfigure.thymeleaf.ThymeleafAutoConfiguration$ThymeleafWebMvcConfiguration$ThymeleafViewResolverConfiguration': no URL paths identified
2018-04-06 18:01:45.001 DEBUG 9316 --- [    Test worker] o.s.w.s.h.BeanNameUrlHandlerMapping      : Rejected bean name 'thymeleafViewResolver': no URL paths identified
2018-04-06 18:01:45.001 DEBUG 9316 --- [    Test worker] o.s.w.s.h.BeanNameUrlHandlerMapping      : Rejected bean name 'org.springframework.boot.autoconfigure.thymeleaf.ThymeleafAutoConfiguration$ThymeleafWebMvcConfiguration': no URL paths identified
2018-04-06 18:01:45.001 DEBUG 9316 --- [    Test worker] o.s.w.s.h.BeanNameUrlHandlerMapping      : Rejected bean name 'org.springframework.boot.autoconfigure.thymeleaf.ThymeleafAutoConfiguration$ThymeleafDefaultConfiguration': no URL paths identified
2018-04-06 18:01:45.001 DEBUG 9316 --- [    Test worker] o.s.w.s.h.BeanNameUrlHandlerMapping      : Rejected bean name 'templateEngine': no URL paths identified
2018-04-06 18:01:45.001 DEBUG 9316 --- [    Test worker] o.s.w.s.h.BeanNameUrlHandlerMapping      : Rejected bean name 'org.springframework.boot.autoconfigure.thymeleaf.ThymeleafAutoConfiguration$DefaultTemplateResolverConfiguration': no URL paths identified
2018-04-06 18:01:45.001 DEBUG 9316 --- [    Test worker] o.s.w.s.h.BeanNameUrlHandlerMapping      : Rejected bean name 'defaultTemplateResolver': no URL paths identified
2018-04-06 18:01:45.001 DEBUG 9316 --- [    Test worker] o.s.w.s.h.BeanNameUrlHandlerMapping      : Rejected bean name 'org.springframework.boot.autoconfigure.thymeleaf.ThymeleafAutoConfiguration': no URL paths identified
2018-04-06 18:01:45.004 DEBUG 9316 --- [    Test worker] o.s.w.s.h.BeanNameUrlHandlerMapping      : Rejected bean name 'spring.thymeleaf-org.springframework.boot.autoconfigure.thymeleaf.ThymeleafProperties': no URL paths identified
2018-04-06 18:01:45.006 DEBUG 9316 --- [    Test worker] o.s.w.s.h.BeanNameUrlHandlerMapping      : Rejected bean name 'org.springframework.boot.autoconfigure.web.embedded.EmbeddedWebServerFactoryCustomizerAutoConfiguration$TomcatWebServerFactoryCustomizerConfiguration': no URL paths identified
2018-04-06 18:01:45.006 DEBUG 9316 --- [    Test worker] o.s.w.s.h.BeanNameUrlHandlerMapping      : Rejected bean name 'tomcatWebServerFactoryCustomizer': no URL paths identified
2018-04-06 18:01:45.006 DEBUG 9316 --- [    Test worker] o.s.w.s.h.BeanNameUrlHandlerMapping      : Rejected bean name 'org.springframework.boot.autoconfigure.web.embedded.EmbeddedWebServerFactoryCustomizerAutoConfiguration': no URL paths identified
2018-04-06 18:01:45.007 DEBUG 9316 --- [    Test worker] o.s.w.s.h.BeanNameUrlHandlerMapping      : Rejected bean name 'org.springframework.boot.autoconfigure.web.servlet.HttpEncodingAutoConfiguration': no URL paths identified
2018-04-06 18:01:45.007 DEBUG 9316 --- [    Test worker] o.s.w.s.h.BeanNameUrlHandlerMapping      : Rejected bean name 'characterEncodingFilter': no URL paths identified
2018-04-06 18:01:45.008 DEBUG 9316 --- [    Test worker] o.s.w.s.h.BeanNameUrlHandlerMapping      : Rejected bean name 'localeCharsetMappingsCustomizer': no URL paths identified
2018-04-06 18:01:45.008 DEBUG 9316 --- [    Test worker] o.s.w.s.h.BeanNameUrlHandlerMapping      : Rejected bean name 'org.springframework.boot.autoconfigure.web.servlet.MultipartAutoConfiguration': no URL paths identified
2018-04-06 18:01:45.008 DEBUG 9316 --- [    Test worker] o.s.w.s.h.BeanNameUrlHandlerMapping      : Rejected bean name 'multipartConfigElement': no URL paths identified
2018-04-06 18:01:45.008 DEBUG 9316 --- [    Test worker] o.s.w.s.h.BeanNameUrlHandlerMapping      : Rejected bean name 'multipartResolver': no URL paths identified
2018-04-06 18:01:45.008 DEBUG 9316 --- [    Test worker] o.s.w.s.h.BeanNameUrlHandlerMapping      : Rejected bean name 'spring.servlet.multipart-org.springframework.boot.autoconfigure.web.servlet.MultipartProperties': no URL paths identified
2018-04-06 18:01:45.008 DEBUG 9316 --- [    Test worker] o.s.w.s.h.BeanNameUrlHandlerMapping      : Rejected bean name 'org.springframework.boot.actuate.autoconfigure.endpoint.web.ServletEndpointManagementContextConfiguration': no URL paths identified
2018-04-06 18:01:45.008 DEBUG 9316 --- [    Test worker] o.s.w.s.h.BeanNameUrlHandlerMapping      : Rejected bean name 'servletEndpointRegistrar': no URL paths identified
2018-04-06 18:01:45.009 DEBUG 9316 --- [    Test worker] o.s.w.s.h.BeanNameUrlHandlerMapping      : Rejected bean name 'servletExposeExcludePropertyEndpointFilter': no URL paths identified
2018-04-06 18:01:45.009 DEBUG 9316 --- [    Test worker] o.s.w.s.h.BeanNameUrlHandlerMapping      : Rejected bean name 'org.springframework.boot.actuate.autoconfigure.endpoint.web.servlet.WebMvcEndpointManagementContextConfiguration': no URL paths identified
2018-04-06 18:01:45.009 DEBUG 9316 --- [    Test worker] o.s.w.s.h.BeanNameUrlHandlerMapping      : Rejected bean name 'webEndpointServletHandlerMapping': no URL paths identified
2018-04-06 18:01:45.009 DEBUG 9316 --- [    Test worker] o.s.w.s.h.BeanNameUrlHandlerMapping      : Rejected bean name 'controllerEndpointHandlerMapping': no URL paths identified
2018-04-06 18:01:45.009 DEBUG 9316 --- [    Test worker] o.s.w.s.h.BeanNameUrlHandlerMapping      : Rejected bean name 'management.endpoints.web.cors-org.springframework.boot.actuate.autoconfigure.endpoint.web.CorsEndpointProperties': no URL paths identified
2018-04-06 18:01:45.009 DEBUG 9316 --- [    Test worker] o.s.w.s.h.BeanNameUrlHandlerMapping      : Rejected bean name 'org.springframework.boot.actuate.autoconfigure.web.server.ManagementContextAutoConfiguration$SameManagementContextConfiguration$EnableSameManagementContextConfiguration': no URL paths identified
2018-04-06 18:01:45.009 DEBUG 9316 --- [    Test worker] o.s.w.s.h.BeanNameUrlHandlerMapping      : Rejected bean name 'org.springframework.boot.actuate.autoconfigure.web.server.ManagementContextAutoConfiguration$SameManagementContextConfiguration': no URL paths identified
2018-04-06 18:01:45.009 DEBUG 9316 --- [    Test worker] o.s.w.s.h.BeanNameUrlHandlerMapping      : Rejected bean name 'org.springframework.boot.actuate.autoconfigure.web.server.ManagementContextAutoConfiguration': no URL paths identified
2018-04-06 18:01:45.009 DEBUG 9316 --- [    Test worker] o.s.w.s.h.BeanNameUrlHandlerMapping      : Rejected bean name 'management.server-org.springframework.boot.actuate.autoconfigure.web.server.ManagementServerProperties': no URL paths identified
2018-04-06 18:01:45.015 DEBUG 9316 --- [    Test worker] o.s.w.s.h.BeanNameUrlHandlerMapping      : Rejected bean name 'org.springframework.orm.jpa.SharedEntityManagerCreator#0': no URL paths identified
2018-04-06 18:01:45.016 DEBUG 9316 --- [    Test worker] o.s.w.s.h.BeanNameUrlHandlerMapping      : Rejected bean name 'autoConfigurationReport': no URL paths identified
2018-04-06 18:01:45.016 DEBUG 9316 --- [    Test worker] o.s.w.s.h.BeanNameUrlHandlerMapping      : Rejected bean name 'org.springframework.boot.context.ContextIdApplicationContextInitializer$ContextId': no URL paths identified
2018-04-06 18:01:45.016 DEBUG 9316 --- [    Test worker] o.s.w.s.h.BeanNameUrlHandlerMapping      : Rejected bean name 'org.springframework.boot.test.autoconfigure.properties.PropertyMappingContextCustomizer$PropertyMappingCheckBeanPostProcessor': no URL paths identified
2018-04-06 18:01:45.016 DEBUG 9316 --- [    Test worker] o.s.w.s.h.BeanNameUrlHandlerMapping      : Rejected bean name 'org.springframework.boot.test.context.filter.TestTypeExcludeFilter': no URL paths identified
2018-04-06 18:01:45.016 DEBUG 9316 --- [    Test worker] o.s.w.s.h.BeanNameUrlHandlerMapping      : Rejected bean name 'springApplicationArguments': no URL paths identified
2018-04-06 18:01:45.016 DEBUG 9316 --- [    Test worker] o.s.w.s.h.BeanNameUrlHandlerMapping      : Rejected bean name 'springBootBanner': no URL paths identified
2018-04-06 18:01:45.016 DEBUG 9316 --- [    Test worker] o.s.w.s.h.BeanNameUrlHandlerMapping      : Rejected bean name 'springBootLoggingSystem': no URL paths identified
2018-04-06 18:01:45.016 DEBUG 9316 --- [    Test worker] o.s.w.s.h.BeanNameUrlHandlerMapping      : Rejected bean name 'environment': no URL paths identified
2018-04-06 18:01:45.016 DEBUG 9316 --- [    Test worker] o.s.w.s.h.BeanNameUrlHandlerMapping      : Rejected bean name 'systemProperties': no URL paths identified
2018-04-06 18:01:45.016 DEBUG 9316 --- [    Test worker] o.s.w.s.h.BeanNameUrlHandlerMapping      : Rejected bean name 'systemEnvironment': no URL paths identified
2018-04-06 18:01:45.017 DEBUG 9316 --- [    Test worker] o.s.w.s.h.BeanNameUrlHandlerMapping      : Rejected bean name 'servletContext': no URL paths identified
2018-04-06 18:01:45.017 DEBUG 9316 --- [    Test worker] o.s.w.s.h.BeanNameUrlHandlerMapping      : Rejected bean name 'contextParameters': no URL paths identified
2018-04-06 18:01:45.017 DEBUG 9316 --- [    Test worker] o.s.w.s.h.BeanNameUrlHandlerMapping      : Rejected bean name 'contextAttributes': no URL paths identified
2018-04-06 18:01:45.017 DEBUG 9316 --- [    Test worker] o.s.w.s.h.BeanNameUrlHandlerMapping      : Rejected bean name 'org.springframework.context.annotation.ConfigurationClassPostProcessor.importRegistry': no URL paths identified
2018-04-06 18:01:45.017 DEBUG 9316 --- [    Test worker] o.s.w.s.h.BeanNameUrlHandlerMapping      : Rejected bean name 'org.springframework.boot.test.mock.mockito.MockitoBeans': no URL paths identified
2018-04-06 18:01:45.017 DEBUG 9316 --- [    Test worker] o.s.w.s.h.BeanNameUrlHandlerMapping      : Rejected bean name 'messageSource': no URL paths identified
2018-04-06 18:01:45.017 DEBUG 9316 --- [    Test worker] o.s.w.s.h.BeanNameUrlHandlerMapping      : Rejected bean name 'applicationEventMulticaster': no URL paths identified
2018-04-06 18:01:45.045  INFO 9316 --- [    Test worker] o.s.w.s.handler.SimpleUrlHandlerMapping  : Mapped URL path [/webjars/**] onto handler of type [class org.springframework.web.servlet.resource.ResourceHttpRequestHandler]
2018-04-06 18:01:45.045  INFO 9316 --- [    Test worker] o.s.w.s.handler.SimpleUrlHandlerMapping  : Mapped URL path [/**] onto handler of type [class org.springframework.web.servlet.resource.ResourceHttpRequestHandler]
2018-04-06 18:01:45.066 DEBUG 9316 --- [    Test worker] .m.m.a.ExceptionHandlerExceptionResolver : Looking for exception mappings: org.springframework.web.context.support.GenericWebApplicationContext@132832e3: startup date [Fri Apr 06 18:01:40 IST 2018]; root of context hierarchy
2018-04-06 18:01:45.120  INFO 9316 --- [    Test worker] o.s.w.s.handler.SimpleUrlHandlerMapping  : Mapped URL path [/**/favicon.ico] onto handler of type [class org.springframework.web.servlet.resource.ResourceHttpRequestHandler]
2018-04-06 18:01:45.166  WARN 9316 --- [    Test worker] ion$DefaultTemplateResolverConfiguration : Cannot find template location: classpath:/templates/ (please add some templates or check your Thymeleaf configuration)
2018-04-06 18:01:46.073  INFO 9316 --- [    Test worker] s.b.a.e.w.s.WebMvcEndpointHandlerMapping : Mapped "{[/actuator/health],methods=[GET],produces=[application/vnd.spring-boot.actuator.v2+json || application/json]}" onto public java.lang.Object org.springframework.boot.actuate.endpoint.web.servlet.AbstractWebMvcEndpointHandlerMapping$OperationHandler.handle(javax.servlet.http.HttpServletRequest,java.util.Map<java.lang.String, java.lang.String>)
2018-04-06 18:01:46.074  INFO 9316 --- [    Test worker] s.b.a.e.w.s.WebMvcEndpointHandlerMapping : Mapped "{[/actuator/info],methods=[GET],produces=[application/vnd.spring-boot.actuator.v2+json || application/json]}" onto public java.lang.Object org.springframework.boot.actuate.endpoint.web.servlet.AbstractWebMvcEndpointHandlerMapping$OperationHandler.handle(javax.servlet.http.HttpServletRequest,java.util.Map<java.lang.String, java.lang.String>)
2018-04-06 18:01:46.075  INFO 9316 --- [    Test worker] s.b.a.e.w.s.WebMvcEndpointHandlerMapping : Mapped "{[/actuator],methods=[GET],produces=[application/vnd.spring-boot.actuator.v2+json || application/json]}" onto protected java.util.Map<java.lang.String, java.util.Map<java.lang.String, org.springframework.boot.actuate.endpoint.web.Link>> org.springframework.boot.actuate.endpoint.web.servlet.WebMvcEndpointHandlerMapping.links(javax.servlet.http.HttpServletRequest,javax.servlet.http.HttpServletResponse)
2018-04-06 18:01:46.210 DEBUG 9316 --- [    Test worker] o.s.w.c.s.GenericWebApplicationContext   : Unable to locate LifecycleProcessor with name 'lifecycleProcessor': using default [org.springframework.context.support.DefaultLifecycleProcessor@6ff74be0]
2018-04-06 18:01:46.228 DEBUG 9316 --- [    Test worker] o.s.w.s.resource.ResourceUrlProvider     : Looking for resource handler mappings
2018-04-06 18:01:46.229 DEBUG 9316 --- [    Test worker] o.s.w.s.resource.ResourceUrlProvider     : Found resource handler mapping: URL pattern="/**/favicon.ico", locations=[class path resource [META-INF/resources/], class path resource [resources/], class path resource [static/], class path resource [public/], ServletContext resource [/], class path resource []], resolvers=[org.springframework.web.servlet.resource.PathResourceResolver@1151b8f5]
2018-04-06 18:01:46.229 DEBUG 9316 --- [    Test worker] o.s.w.s.resource.ResourceUrlProvider     : Found resource handler mapping: URL pattern="/webjars/**", locations=[class path resource [META-INF/resources/webjars/]], resolvers=[org.springframework.web.servlet.resource.PathResourceResolver@12ac131b]
2018-04-06 18:01:46.229 DEBUG 9316 --- [    Test worker] o.s.w.s.resource.ResourceUrlProvider     : Found resource handler mapping: URL pattern="/**", locations=[class path resource [META-INF/resources/], class path resource [resources/], class path resource [static/], class path resource [public/], ServletContext resource [/]], resolvers=[org.springframework.web.servlet.resource.PathResourceResolver@13d85feb]
2018-04-06 18:01:46.232  INFO 9316 --- [    Test worker] .TransmissionLineServiceApplicationTests : Started TransmissionLineServiceApplicationTests in 6.625 seconds (JVM running for 7.923)
]]></system-out>
  <system-err><![CDATA[]]></system-err>
</testsuite>
